{"/home/travis/build/npmtest/node-npmtest-wordpos/test.js":{"path":"/home/travis/build/npmtest/node-npmtest-wordpos/test.js","s":{"1":2,"2":2,"3":2,"4":2,"5":2,"6":2,"7":2,"8":1,"9":2,"10":2,"11":1,"12":1,"13":1,"14":1,"15":2,"16":2,"17":2,"18":2,"19":1,"20":1,"21":2,"22":2,"23":2,"24":1,"25":1,"26":1,"27":1,"28":1,"29":1,"30":1,"31":1,"32":1,"33":1,"34":1,"35":1,"36":1,"37":1,"38":1,"39":2,"40":2,"41":1,"42":2,"43":2,"44":1,"45":2,"46":2,"47":1,"48":2,"49":2,"50":1,"51":1,"52":1,"53":1,"54":1},"b":{"1":[2,1,1,1],"2":[1,1,1,1],"3":[1,1],"4":[1,1],"5":[1,1],"6":[1,1],"7":[1,1],"8":[1,1],"9":[1,1],"10":[1,1,1],"11":[1,1],"12":[1,1],"13":[1,1],"14":[1,1],"15":[1,1],"16":[1,1],"17":[1,1]},"f":{"1":2,"2":2,"3":2,"4":2,"5":2,"6":1,"7":1,"8":1,"9":2,"10":2,"11":2,"12":2,"13":1},"fnMap":{"1":{"name":"(anonymous_1)","line":12,"loc":{"start":{"line":12,"column":1},"end":{"line":12,"column":13}}},"2":{"name":"(anonymous_2)","line":19,"loc":{"start":{"line":19,"column":5},"end":{"line":19,"column":17}}},"3":{"name":"(anonymous_3)","line":23,"loc":{"start":{"line":23,"column":24},"end":{"line":23,"column":36}}},"4":{"name":"(anonymous_4)","line":61,"loc":{"start":{"line":61,"column":5},"end":{"line":61,"column":17}}},"5":{"name":"(anonymous_5)","line":82,"loc":{"start":{"line":82,"column":5},"end":{"line":82,"column":17}}},"6":{"name":"(anonymous_6)","line":91,"loc":{"start":{"line":91,"column":77},"end":{"line":94,"column":10}}},"7":{"name":"(anonymous_7)","line":112,"loc":{"start":{"line":112,"column":83},"end":{"line":115,"column":10}},"skip":true},"8":{"name":"(anonymous_8)","line":123,"loc":{"start":{"line":123,"column":77},"end":{"line":126,"column":10}},"skip":true},"9":{"name":"(anonymous_9)","line":139,"loc":{"start":{"line":139,"column":12},"end":{"line":139,"column":40}},"skip":true},"10":{"name":"(anonymous_10)","line":147,"loc":{"start":{"line":147,"column":77},"end":{"line":150,"column":10}},"skip":true},"11":{"name":"(anonymous_11)","line":158,"loc":{"start":{"line":158,"column":83},"end":{"line":161,"column":10}},"skip":true},"12":{"name":"(anonymous_12)","line":169,"loc":{"start":{"line":169,"column":79},"end":{"line":172,"column":10}},"skip":true},"13":{"name":"(anonymous_13)","line":180,"loc":{"start":{"line":180,"column":75},"end":{"line":183,"column":10}},"skip":true}},"statementMap":{"1":{"start":{"line":12,"column":0},"end":{"line":195,"column":5}},"2":{"start":{"line":14,"column":4},"end":{"line":14,"column":14}},"3":{"start":{"line":19,"column":4},"end":{"line":56,"column":9}},"4":{"start":{"line":21,"column":8},"end":{"line":21,"column":19}},"5":{"start":{"line":23,"column":8},"end":{"line":35,"column":13}},"6":{"start":{"line":24,"column":12},"end":{"line":34,"column":13}},"7":{"start":{"line":25,"column":16},"end":{"line":28,"column":30}},"8":{"start":{"line":30,"column":16},"end":{"line":33,"column":27}},"9":{"start":{"line":37,"column":8},"end":{"line":39,"column":21}},"10":{"start":{"line":40,"column":8},"end":{"line":53,"column":9}},"11":{"start":{"line":43,"column":12},"end":{"line":46,"column":14}},"12":{"start":{"line":47,"column":12},"end":{"line":47,"column":18}},"13":{"start":{"line":50,"column":12},"end":{"line":51,"column":46}},"14":{"start":{"line":52,"column":12},"end":{"line":52,"column":18}},"15":{"start":{"line":55,"column":8},"end":{"line":55,"column":35}},"16":{"start":{"line":61,"column":4},"end":{"line":63,"column":9}},"17":{"start":{"line":62,"column":8},"end":{"line":62,"column":15}},"18":{"start":{"line":64,"column":4},"end":{"line":77,"column":5}},"19":{"start":{"line":70,"column":8},"end":{"line":70,"column":14}},"20":{"start":{"line":76,"column":8},"end":{"line":76,"column":14}},"21":{"start":{"line":82,"column":4},"end":{"line":84,"column":9}},"22":{"start":{"line":83,"column":8},"end":{"line":83,"column":15}},"23":{"start":{"line":85,"column":4},"end":{"line":194,"column":5}},"24":{"start":{"line":91,"column":8},"end":{"line":99,"column":10}},"25":{"start":{"line":98,"column":12},"end":{"line":98,"column":35}},"26":{"start":{"line":102,"column":8},"end":{"line":104,"column":63}},"27":{"start":{"line":105,"column":8},"end":{"line":105,"column":14}},"28":{"start":{"line":112,"column":8},"end":{"line":121,"column":10},"skip":true},"29":{"start":{"line":119,"column":12},"end":{"line":119,"column":55},"skip":true},"30":{"start":{"line":120,"column":12},"end":{"line":120,"column":48},"skip":true},"31":{"start":{"line":123,"column":8},"end":{"line":136,"column":10},"skip":true},"32":{"start":{"line":130,"column":12},"end":{"line":130,"column":76},"skip":true},"33":{"start":{"line":131,"column":12},"end":{"line":131,"column":73},"skip":true},"34":{"start":{"line":132,"column":12},"end":{"line":132,"column":74},"skip":true},"35":{"start":{"line":133,"column":12},"end":{"line":133,"column":79},"skip":true},"36":{"start":{"line":134,"column":12},"end":{"line":134,"column":25},"skip":true},"37":{"start":{"line":135,"column":12},"end":{"line":135,"column":45},"skip":true},"38":{"start":{"line":138,"column":8},"end":{"line":145,"column":14},"skip":true},"39":{"start":{"line":143,"column":16},"end":{"line":143,"column":29},"skip":true},"40":{"start":{"line":144,"column":16},"end":{"line":144,"column":55},"skip":true},"41":{"start":{"line":147,"column":8},"end":{"line":156,"column":10},"skip":true},"42":{"start":{"line":154,"column":12},"end":{"line":154,"column":25},"skip":true},"43":{"start":{"line":155,"column":12},"end":{"line":155,"column":45},"skip":true},"44":{"start":{"line":158,"column":8},"end":{"line":167,"column":10},"skip":true},"45":{"start":{"line":165,"column":12},"end":{"line":165,"column":25},"skip":true},"46":{"start":{"line":166,"column":12},"end":{"line":166,"column":48},"skip":true},"47":{"start":{"line":169,"column":8},"end":{"line":178,"column":10},"skip":true},"48":{"start":{"line":176,"column":12},"end":{"line":176,"column":25},"skip":true},"49":{"start":{"line":177,"column":12},"end":{"line":177,"column":46},"skip":true},"50":{"start":{"line":180,"column":8},"end":{"line":189,"column":10},"skip":true},"51":{"start":{"line":187,"column":12},"end":{"line":187,"column":94},"skip":true},"52":{"start":{"line":188,"column":12},"end":{"line":188,"column":48},"skip":true},"53":{"start":{"line":192,"column":8},"end":{"line":192,"column":35},"skip":true},"54":{"start":{"line":193,"column":8},"end":{"line":193,"column":14},"skip":true}},"branchMap":{"1":{"line":25,"type":"binary-expr","locations":[{"start":{"line":25,"column":23},"end":{"line":25,"column":62}},{"start":{"line":26,"column":20},"end":{"line":26,"column":70}},{"start":{"line":27,"column":20},"end":{"line":27,"column":71}},{"start":{"line":28,"column":20},"end":{"line":28,"column":29}}]},"2":{"line":30,"type":"binary-expr","locations":[{"start":{"line":30,"column":23},"end":{"line":30,"column":37}},{"start":{"line":31,"column":20},"end":{"line":31,"column":61}},{"start":{"line":32,"column":20},"end":{"line":32,"column":70}},{"start":{"line":33,"column":20},"end":{"line":33,"column":26}}]},"3":{"line":37,"type":"cond-expr","locations":[{"start":{"line":38,"column":14},"end":{"line":38,"column":20}},{"start":{"line":39,"column":14},"end":{"line":39,"column":20}}]},"4":{"line":40,"type":"switch","locations":[{"start":{"line":42,"column":8},"end":{"line":47,"column":18}},{"start":{"line":49,"column":8},"end":{"line":52,"column":18}}]},"5":{"line":44,"type":"binary-expr","locations":[{"start":{"line":44,"column":16},"end":{"line":44,"column":44}},{"start":{"line":44,"column":48},"end":{"line":44,"column":66}}]},"6":{"line":50,"type":"binary-expr","locations":[{"start":{"line":50,"column":21},"end":{"line":50,"column":49}},{"start":{"line":50,"column":53},"end":{"line":50,"column":72}}]},"7":{"line":64,"type":"switch","locations":[{"start":{"line":69,"column":4},"end":{"line":70,"column":14}},{"start":{"line":75,"column":4},"end":{"line":76,"column":14}}]},"8":{"line":85,"type":"switch","locations":[{"start":{"line":90,"column":4},"end":{"line":105,"column":14}},{"start":{"line":111,"column":4},"end":{"line":193,"column":14},"skip":true}]},"9":{"line":91,"type":"binary-expr","locations":[{"start":{"line":91,"column":42},"end":{"line":91,"column":73}},{"start":{"line":91,"column":77},"end":{"line":99,"column":9}}]},"10":{"line":102,"type":"binary-expr","locations":[{"start":{"line":102,"column":18},"end":{"line":102,"column":32}},{"start":{"line":103,"column":12},"end":{"line":103,"column":53}},{"start":{"line":104,"column":12},"end":{"line":104,"column":61}}]},"11":{"line":112,"type":"binary-expr","locations":[{"start":{"line":112,"column":45},"end":{"line":112,"column":79},"skip":true},{"start":{"line":112,"column":83},"end":{"line":121,"column":9},"skip":true}]},"12":{"line":123,"type":"binary-expr","locations":[{"start":{"line":123,"column":42},"end":{"line":123,"column":73},"skip":true},{"start":{"line":123,"column":77},"end":{"line":136,"column":9},"skip":true}]},"13":{"line":138,"type":"binary-expr","locations":[{"start":{"line":138,"column":48},"end":{"line":138,"column":85},"skip":true},{"start":{"line":139,"column":12},"end":{"line":145,"column":13},"skip":true}]},"14":{"line":147,"type":"binary-expr","locations":[{"start":{"line":147,"column":42},"end":{"line":147,"column":73},"skip":true},{"start":{"line":147,"column":77},"end":{"line":156,"column":9},"skip":true}]},"15":{"line":158,"type":"binary-expr","locations":[{"start":{"line":158,"column":45},"end":{"line":158,"column":79},"skip":true},{"start":{"line":158,"column":83},"end":{"line":167,"column":9},"skip":true}]},"16":{"line":169,"type":"binary-expr","locations":[{"start":{"line":169,"column":43},"end":{"line":169,"column":75},"skip":true},{"start":{"line":169,"column":79},"end":{"line":178,"column":9},"skip":true}]},"17":{"line":180,"type":"binary-expr","locations":[{"start":{"line":180,"column":41},"end":{"line":180,"column":71},"skip":true},{"start":{"line":180,"column":75},"end":{"line":189,"column":9},"skip":true}]}},"code":["/* istanbul instrument in package npmtest_wordpos */","/*jslint","    bitwise: true,","    browser: true,","    maxerr: 8,","    maxlen: 96,","    node: true,","    nomen: true,","    regexp: true,","    stupid: true","*/","(function () {","    'use strict';","    var local;","","","","    // run shared js-env code - pre-init","    (function () {","        // init local","        local = {};","        // init modeJs","        local.modeJs = (function () {","            try {","                return typeof navigator.userAgent === 'string' &&","                    typeof document.querySelector('body') === 'object' &&","                    typeof XMLHttpRequest.prototype.open === 'function' &&","                    'browser';","            } catch (errorCaughtBrowser) {","                return module.exports &&","                    typeof process.versions.node === 'string' &&","                    typeof require('http').createServer === 'function' &&","                    'node';","            }","        }());","        // init global","        local.global = local.modeJs === 'browser'","            ? window","            : global;","        switch (local.modeJs) {","        // re-init local from window.local","        case 'browser':","            local = local.global.utility2.objectSetDefault(","                local.global.utility2_rollup || local.global.local,","                local.global.utility2","            );","            break;","        // re-init local from example.js","        case 'node':","            local = (local.global.utility2_rollup || require('utility2'))","                .requireExampleJsFromReadme();","            break;","        }","        // export local","        local.global.local = local;","    }());","","","","    // run shared js-env code - function","    (function () {","        return;","    }());","    switch (local.modeJs) {","","","","    // run browser js-env code - function","    case 'browser':","        break;","","","","    // run node js-env code - function","    case 'node':","        break;","    }","","","","    // run shared js-env code - post-init","    (function () {","        return;","    }());","    switch (local.modeJs) {","","","","    // run browser js-env code - post-init","    case 'browser':","        local.testCase_browser_nullCase = local.testCase_browser_nullCase || function (","            options,","            onError","        ) {","        /*","         * this function will test browsers's null-case handling-behavior-behavior","         */","            onError(null, options);","        };","","        // run tests","        local.nop(local.modeTest &&","            document.querySelector('#testRunButton1') &&","            document.querySelector('#testRunButton1').click());","        break;","","","","    // run node js-env code - post-init","    /* istanbul ignore next */","    case 'node':","        local.testCase_buildApidoc_default = local.testCase_buildApidoc_default || function (","            options,","            onError","        ) {","        /*","         * this function will test buildApidoc's default handling-behavior-behavior","         */","            options = { modulePathList: module.paths };","            local.buildApidoc(options, onError);","        };","","        local.testCase_buildApp_default = local.testCase_buildApp_default || function (","            options,","            onError","        ) {","        /*","         * this function will test buildApp's default handling-behavior-behavior","         */","            local.testCase_buildReadme_default(options, local.onErrorThrow);","            local.testCase_buildLib_default(options, local.onErrorThrow);","            local.testCase_buildTest_default(options, local.onErrorThrow);","            local.testCase_buildCustomOrg_default(options, local.onErrorThrow);","            options = [];","            local.buildApp(options, onError);","        };","","        local.testCase_buildCustomOrg_default = local.testCase_buildCustomOrg_default ||","            function (options, onError) {","            /*","             * this function will test buildCustomOrg's default handling-behavior","             */","                options = {};","                local.buildCustomOrg(options, onError);","            };","","        local.testCase_buildLib_default = local.testCase_buildLib_default || function (","            options,","            onError","        ) {","        /*","         * this function will test buildLib's default handling-behavior","         */","            options = {};","            local.buildLib(options, onError);","        };","","        local.testCase_buildReadme_default = local.testCase_buildReadme_default || function (","            options,","            onError","        ) {","        /*","         * this function will test buildReadme's default handling-behavior-behavior","         */","            options = {};","            local.buildReadme(options, onError);","        };","","        local.testCase_buildTest_default = local.testCase_buildTest_default || function (","            options,","            onError","        ) {","        /*","         * this function will test buildTest's default handling-behavior","         */","            options = {};","            local.buildTest(options, onError);","        };","","        local.testCase_webpage_default = local.testCase_webpage_default || function (","            options,","            onError","        ) {","        /*","         * this function will test webpage's default handling-behavior","         */","            options = { modeCoverageMerge: true, url: local.serverLocalHost + '?modeTest=1' };","            local.browserTest(options, onError);","        };","","        // run test-server","        local.testRunServer(local);","        break;","    }","}());",""],"l":{"12":2,"14":2,"19":2,"21":2,"23":2,"24":2,"25":2,"30":1,"37":2,"40":2,"43":1,"47":1,"50":1,"52":1,"55":2,"61":2,"62":2,"64":2,"70":1,"76":1,"82":2,"83":2,"85":2,"91":1,"98":1,"102":1,"105":1,"112":1,"119":1,"120":1,"123":1,"130":1,"131":1,"132":1,"133":1,"134":1,"135":1,"138":1,"143":2,"144":2,"147":1,"154":2,"155":2,"158":1,"165":2,"166":2,"169":1,"176":2,"177":2,"180":1,"187":1,"188":1,"192":1,"193":1}},"/home/travis/build/npmtest/node-npmtest-wordpos/lib.npmtest_wordpos.js":{"path":"/home/travis/build/npmtest/node-npmtest-wordpos/lib.npmtest_wordpos.js","s":{"1":2,"2":2,"3":2,"4":2,"5":2,"6":2,"7":2,"8":1,"9":2,"10":2,"11":2,"12":2,"13":1,"14":1,"15":1,"16":1},"b":{"1":[2,1,1,1],"2":[1,1,1,1],"3":[1,1],"4":[2,2],"5":[1,1]},"f":{"1":2,"2":2,"3":2},"fnMap":{"1":{"name":"(anonymous_1)","line":12,"loc":{"start":{"line":12,"column":1},"end":{"line":12,"column":13}}},"2":{"name":"(anonymous_2)","line":19,"loc":{"start":{"line":19,"column":5},"end":{"line":19,"column":17}}},"3":{"name":"(anonymous_3)","line":23,"loc":{"start":{"line":23,"column":24},"end":{"line":23,"column":36}}}},"statementMap":{"1":{"start":{"line":12,"column":0},"end":{"line":53,"column":5}},"2":{"start":{"line":14,"column":4},"end":{"line":14,"column":14}},"3":{"start":{"line":19,"column":4},"end":{"line":52,"column":9}},"4":{"start":{"line":21,"column":8},"end":{"line":21,"column":19}},"5":{"start":{"line":23,"column":8},"end":{"line":35,"column":13}},"6":{"start":{"line":24,"column":12},"end":{"line":34,"column":13}},"7":{"start":{"line":25,"column":16},"end":{"line":28,"column":30}},"8":{"start":{"line":30,"column":16},"end":{"line":33,"column":27}},"9":{"start":{"line":37,"column":8},"end":{"line":39,"column":21}},"10":{"start":{"line":41,"column":8},"end":{"line":41,"column":54}},"11":{"start":{"line":43,"column":8},"end":{"line":43,"column":52}},"12":{"start":{"line":45,"column":8},"end":{"line":51,"column":9}},"13":{"start":{"line":46,"column":12},"end":{"line":46,"column":58}},"14":{"start":{"line":48,"column":12},"end":{"line":48,"column":35}},"15":{"start":{"line":49,"column":12},"end":{"line":49,"column":49}},"16":{"start":{"line":50,"column":12},"end":{"line":50,"column":43}}},"branchMap":{"1":{"line":25,"type":"binary-expr","locations":[{"start":{"line":25,"column":23},"end":{"line":25,"column":62}},{"start":{"line":26,"column":20},"end":{"line":26,"column":70}},{"start":{"line":27,"column":20},"end":{"line":27,"column":71}},{"start":{"line":28,"column":20},"end":{"line":28,"column":29}}]},"2":{"line":30,"type":"binary-expr","locations":[{"start":{"line":30,"column":23},"end":{"line":30,"column":37}},{"start":{"line":31,"column":20},"end":{"line":31,"column":61}},{"start":{"line":32,"column":20},"end":{"line":32,"column":70}},{"start":{"line":33,"column":20},"end":{"line":33,"column":26}}]},"3":{"line":37,"type":"cond-expr","locations":[{"start":{"line":38,"column":14},"end":{"line":38,"column":20}},{"start":{"line":39,"column":14},"end":{"line":39,"column":20}}]},"4":{"line":41,"type":"binary-expr","locations":[{"start":{"line":41,"column":16},"end":{"line":41,"column":44}},{"start":{"line":41,"column":48},"end":{"line":41,"column":53}}]},"5":{"line":45,"type":"if","locations":[{"start":{"line":45,"column":8},"end":{"line":45,"column":8}},{"start":{"line":45,"column":8},"end":{"line":45,"column":8}}]}},"code":["/* istanbul instrument in package npmtest_wordpos */","/*jslint","    bitwise: true,","    browser: true,","    maxerr: 8,","    maxlen: 96,","    node: true,","    nomen: true,","    regexp: true,","    stupid: true","*/","(function () {","    'use strict';","    var local;","","","","    // run shared js-env code - pre-init","    (function () {","        // init local","        local = {};","        // init modeJs","        local.modeJs = (function () {","            try {","                return typeof navigator.userAgent === 'string' &&","                    typeof document.querySelector('body') === 'object' &&","                    typeof XMLHttpRequest.prototype.open === 'function' &&","                    'browser';","            } catch (errorCaughtBrowser) {","                return module.exports &&","                    typeof process.versions.node === 'string' &&","                    typeof require('http').createServer === 'function' &&","                    'node';","            }","        }());","        // init global","        local.global = local.modeJs === 'browser'","            ? window","            : global;","        // init utility2_rollup","        local = local.global.utility2_rollup || local;","        // init lib","        local.local = local.npmtest_wordpos = local;","        // init exports","        if (local.modeJs === 'browser') {","            local.global.utility2_npmtest_wordpos = local;","        } else {","            module.exports = local;","            module.exports.__dirname = __dirname;","            module.exports.module = module;","        }","    }());","}());",""],"l":{"12":2,"14":2,"19":2,"21":2,"23":2,"24":2,"25":2,"30":1,"37":2,"41":2,"43":2,"45":2,"46":1,"48":1,"49":1,"50":1}},"/home/travis/build/npmtest/node-npmtest-wordpos/example.js":{"path":"/home/travis/build/npmtest/node-npmtest-wordpos/example.js","s":{"1":2,"2":2,"3":2,"4":2,"5":2,"6":2,"7":2,"8":1,"9":2,"10":2,"11":2,"12":2,"13":1,"14":2,"15":2,"16":2,"17":2,"18":2,"19":0,"20":2,"21":1,"22":1,"23":1,"24":1,"25":1,"26":0,"27":0,"28":1,"29":1,"30":2,"31":0,"32":0,"33":0,"34":1,"35":2,"36":2,"37":3,"38":3,"39":3,"40":3,"41":0,"42":3,"43":3,"44":3,"45":1,"46":3,"47":1,"48":1,"49":1,"50":1,"51":1,"52":1,"53":1,"54":1,"55":1,"56":1,"57":0,"58":1,"59":6,"60":6,"61":1,"62":2,"63":0,"64":2,"65":1,"66":1,"67":0,"68":0,"69":0,"70":0,"71":0,"72":0,"73":0,"74":0,"75":0,"76":0,"77":0,"78":0,"79":0,"80":0,"81":0,"82":0,"83":0},"b":{"1":[2,1,1,1],"2":[1,1,1,1],"3":[1,1],"4":[2,2],"5":[1,1],"6":[1,1],"7":[2,0],"8":[2,1,1,1,1,1],"9":[0,2,0],"10":[1,1],"11":[2,1,1],"12":[1,0],"13":[0,2],"14":[2,0,0,0,0,0,0],"15":[0,3],"16":[3,0],"17":[1,1],"18":[0,1],"19":[1,2,0,2],"20":[1,0],"21":[1,1],"22":[0,0],"23":[0,0],"24":[0,0],"25":[0,0],"26":[0,0],"27":[0,0],"28":[0,0]},"f":{"1":2,"2":2,"3":2,"4":2,"5":2,"6":2,"7":3,"8":3,"9":3,"10":1,"11":6,"12":0},"fnMap":{"1":{"name":"(anonymous_1)","line":26,"loc":{"start":{"line":26,"column":1},"end":{"line":26,"column":13}}},"2":{"name":"(anonymous_2)","line":33,"loc":{"start":{"line":33,"column":5},"end":{"line":33,"column":17}}},"3":{"name":"(anonymous_3)","line":37,"loc":{"start":{"line":37,"column":24},"end":{"line":37,"column":36}}},"4":{"name":"(anonymous_4)","line":69,"loc":{"start":{"line":69,"column":31},"end":{"line":69,"column":48}},"skip":true},"5":{"name":"(anonymous_5)","line":78,"loc":{"start":{"line":78,"column":26},"end":{"line":78,"column":45}},"skip":true},"6":{"name":"(anonymous_6)","line":123,"loc":{"start":{"line":123,"column":33},"end":{"line":123,"column":48}},"skip":true},"7":{"name":"(anonymous_7)","line":125,"loc":{"start":{"line":125,"column":27},"end":{"line":125,"column":39}},"skip":true},"8":{"name":"(anonymous_8)","line":133,"loc":{"start":{"line":133,"column":59},"end":{"line":133,"column":74}},"skip":true},"9":{"name":"(anonymous_9)","line":143,"loc":{"start":{"line":143,"column":45},"end":{"line":143,"column":62}},"skip":true},"10":{"name":"(anonymous_10)","line":144,"loc":{"start":{"line":144,"column":73},"end":{"line":144,"column":92}},"skip":true},"11":{"name":"(anonymous_11)","line":272,"loc":{"start":{"line":272,"column":51},"end":{"line":272,"column":77}},"skip":true},"12":{"name":"(anonymous_12)","line":315,"loc":{"start":{"line":315,"column":32},"end":{"line":315,"column":61}},"skip":true}},"statementMap":{"1":{"start":{"line":26,"column":0},"end":{"line":326,"column":5}},"2":{"start":{"line":28,"column":4},"end":{"line":28,"column":14}},"3":{"start":{"line":33,"column":4},"end":{"line":60,"column":9}},"4":{"start":{"line":35,"column":8},"end":{"line":35,"column":19}},"5":{"start":{"line":37,"column":8},"end":{"line":49,"column":13}},"6":{"start":{"line":38,"column":12},"end":{"line":48,"column":13}},"7":{"start":{"line":39,"column":16},"end":{"line":42,"column":30}},"8":{"start":{"line":44,"column":16},"end":{"line":47,"column":27}},"9":{"start":{"line":51,"column":8},"end":{"line":53,"column":21}},"10":{"start":{"line":55,"column":8},"end":{"line":57,"column":45}},"11":{"start":{"line":59,"column":8},"end":{"line":59,"column":35}},"12":{"start":{"line":61,"column":4},"end":{"line":325,"column":5}},"13":{"start":{"line":69,"column":8},"end":{"line":121,"column":10},"skip":true},"14":{"start":{"line":70,"column":12},"end":{"line":88,"column":13},"skip":true},"15":{"start":{"line":76,"column":16},"end":{"line":87,"column":19},"skip":true},"16":{"start":{"line":79,"column":20},"end":{"line":86,"column":21},"skip":true},"17":{"start":{"line":82,"column":24},"end":{"line":82,"column":43},"skip":true},"18":{"start":{"line":83,"column":24},"end":{"line":83,"column":30},"skip":true},"19":{"start":{"line":85,"column":24},"end":{"line":85,"column":49},"skip":true},"20":{"start":{"line":89,"column":12},"end":{"line":107,"column":13},"skip":true},"21":{"start":{"line":92,"column":16},"end":{"line":102,"column":17},"skip":true},"22":{"start":{"line":93,"column":20},"end":{"line":93,"column":86},"skip":true},"23":{"start":{"line":94,"column":20},"end":{"line":95,"column":45},"skip":true},"24":{"start":{"line":96,"column":20},"end":{"line":96,"column":42},"skip":true},"25":{"start":{"line":97,"column":20},"end":{"line":97,"column":48},"skip":true},"26":{"start":{"line":100,"column":20},"end":{"line":100,"column":85},"skip":true},"27":{"start":{"line":101,"column":20},"end":{"line":101,"column":96},"skip":true},"28":{"start":{"line":103,"column":16},"end":{"line":103,"column":22},"skip":true},"29":{"start":{"line":106,"column":16},"end":{"line":106,"column":22},"skip":true},"30":{"start":{"line":108,"column":12},"end":{"line":120,"column":13},"skip":true},"31":{"start":{"line":114,"column":16},"end":{"line":119,"column":17},"skip":true},"32":{"start":{"line":116,"column":20},"end":{"line":116,"column":78},"skip":true},"33":{"start":{"line":118,"column":20},"end":{"line":118,"column":47},"skip":true},"34":{"start":{"line":123,"column":8},"end":{"line":141,"column":11},"skip":true},"35":{"start":{"line":124,"column":12},"end":{"line":124,"column":54},"skip":true},"36":{"start":{"line":125,"column":12},"end":{"line":140,"column":14},"skip":true},"37":{"start":{"line":126,"column":16},"end":{"line":126,"column":28},"skip":true},"38":{"start":{"line":127,"column":16},"end":{"line":127,"column":69},"skip":true},"39":{"start":{"line":128,"column":16},"end":{"line":128,"column":75},"skip":true},"40":{"start":{"line":129,"column":16},"end":{"line":131,"column":17},"skip":true},"41":{"start":{"line":130,"column":20},"end":{"line":130,"column":27},"skip":true},"42":{"start":{"line":133,"column":16},"end":{"line":137,"column":36},"skip":true},"43":{"start":{"line":134,"column":20},"end":{"line":136,"column":55},"skip":true},"44":{"start":{"line":139,"column":16},"end":{"line":139,"column":57},"skip":true},"45":{"start":{"line":143,"column":8},"end":{"line":147,"column":11},"skip":true},"46":{"start":{"line":144,"column":12},"end":{"line":146,"column":15},"skip":true},"47":{"start":{"line":145,"column":16},"end":{"line":145,"column":70},"skip":true},"48":{"start":{"line":149,"column":8},"end":{"line":149,"column":31},"skip":true},"49":{"start":{"line":150,"column":8},"end":{"line":150,"column":14},"skip":true},"50":{"start":{"line":158,"column":8},"end":{"line":158,"column":31},"skip":true},"51":{"start":{"line":160,"column":8},"end":{"line":160,"column":33},"skip":true},"52":{"start":{"line":161,"column":8},"end":{"line":161,"column":37},"skip":true},"53":{"start":{"line":162,"column":8},"end":{"line":162,"column":35},"skip":true},"54":{"start":{"line":164,"column":8},"end":{"line":164,"column":50},"skip":true},"55":{"start":{"line":166,"column":8},"end":{"line":256,"column":2},"skip":true},"56":{"start":{"line":258,"column":8},"end":{"line":286,"column":9},"skip":true},"57":{"start":{"line":259,"column":12},"end":{"line":269,"column":14},"skip":true},"58":{"start":{"line":271,"column":12},"end":{"line":285,"column":19},"skip":true},"59":{"start":{"line":274,"column":20},"end":{"line":274,"column":35},"skip":true},"60":{"start":{"line":275,"column":20},"end":{"line":284,"column":21},"skip":true},"61":{"start":{"line":277,"column":24},"end":{"line":277,"column":64},"skip":true},"62":{"start":{"line":279,"column":24},"end":{"line":279,"column":40},"skip":true},"63":{"start":{"line":281,"column":24},"end":{"line":281,"column":40},"skip":true},"64":{"start":{"line":283,"column":24},"end":{"line":283,"column":39},"skip":true},"65":{"start":{"line":288,"column":8},"end":{"line":290,"column":9},"skip":true},"66":{"start":{"line":289,"column":12},"end":{"line":289,"column":18},"skip":true},"67":{"start":{"line":291,"column":8},"end":{"line":293,"column":54},"skip":true},"68":{"start":{"line":296,"column":8},"end":{"line":301,"column":37},"skip":true},"69":{"start":{"line":303,"column":8},"end":{"line":303,"column":82},"skip":true},"70":{"start":{"line":306,"column":8},"end":{"line":308,"column":9},"skip":true},"71":{"start":{"line":307,"column":12},"end":{"line":307,"column":82},"skip":true},"72":{"start":{"line":310,"column":8},"end":{"line":312,"column":9},"skip":true},"73":{"start":{"line":311,"column":12},"end":{"line":311,"column":18},"skip":true},"74":{"start":{"line":313,"column":8},"end":{"line":313,"column":54},"skip":true},"75":{"start":{"line":314,"column":8},"end":{"line":314,"column":69},"skip":true},"76":{"start":{"line":315,"column":8},"end":{"line":323,"column":36},"skip":true},"77":{"start":{"line":316,"column":12},"end":{"line":316,"column":61},"skip":true},"78":{"start":{"line":317,"column":12},"end":{"line":320,"column":13},"skip":true},"79":{"start":{"line":318,"column":16},"end":{"line":318,"column":75},"skip":true},"80":{"start":{"line":319,"column":16},"end":{"line":319,"column":23},"skip":true},"81":{"start":{"line":321,"column":12},"end":{"line":321,"column":38},"skip":true},"82":{"start":{"line":322,"column":12},"end":{"line":322,"column":27},"skip":true},"83":{"start":{"line":324,"column":8},"end":{"line":324,"column":14},"skip":true}},"branchMap":{"1":{"line":39,"type":"binary-expr","locations":[{"start":{"line":39,"column":23},"end":{"line":39,"column":62}},{"start":{"line":40,"column":20},"end":{"line":40,"column":70}},{"start":{"line":41,"column":20},"end":{"line":41,"column":71}},{"start":{"line":42,"column":20},"end":{"line":42,"column":29}}]},"2":{"line":44,"type":"binary-expr","locations":[{"start":{"line":44,"column":23},"end":{"line":44,"column":37}},{"start":{"line":45,"column":20},"end":{"line":45,"column":61}},{"start":{"line":46,"column":20},"end":{"line":46,"column":70}},{"start":{"line":47,"column":20},"end":{"line":47,"column":26}}]},"3":{"line":51,"type":"cond-expr","locations":[{"start":{"line":52,"column":14},"end":{"line":52,"column":20}},{"start":{"line":53,"column":14},"end":{"line":53,"column":20}}]},"4":{"line":55,"type":"binary-expr","locations":[{"start":{"line":55,"column":16},"end":{"line":55,"column":44}},{"start":{"line":55,"column":49},"end":{"line":57,"column":43}}]},"5":{"line":55,"type":"cond-expr","locations":[{"start":{"line":56,"column":14},"end":{"line":56,"column":51}},{"start":{"line":57,"column":14},"end":{"line":57,"column":43}}]},"6":{"line":61,"type":"switch","locations":[{"start":{"line":68,"column":4},"end":{"line":150,"column":14},"skip":true},{"start":{"line":156,"column":4},"end":{"line":324,"column":14},"skip":true}]},"7":{"line":70,"type":"if","locations":[{"start":{"line":70,"column":12},"end":{"line":70,"column":12},"skip":true},{"start":{"line":70,"column":12},"end":{"line":70,"column":12},"skip":true}]},"8":{"line":70,"type":"binary-expr","locations":[{"start":{"line":70,"column":16},"end":{"line":70,"column":22},"skip":true},{"start":{"line":70,"column":27},"end":{"line":70,"column":32},"skip":true},{"start":{"line":71,"column":20},"end":{"line":71,"column":39},"skip":true},{"start":{"line":72,"column":20},"end":{"line":72,"column":49},"skip":true},{"start":{"line":73,"column":20},"end":{"line":73,"column":58},"skip":true},{"start":{"line":74,"column":20},"end":{"line":74,"column":69},"skip":true}]},"9":{"line":79,"type":"switch","locations":[{"start":{"line":80,"column":20},"end":{"line":80,"column":33},"skip":true},{"start":{"line":81,"column":20},"end":{"line":83,"column":30},"skip":true},{"start":{"line":84,"column":20},"end":{"line":85,"column":49},"skip":true}]},"10":{"line":89,"type":"switch","locations":[{"start":{"line":90,"column":12},"end":{"line":103,"column":22},"skip":true},{"start":{"line":105,"column":12},"end":{"line":106,"column":22},"skip":true}]},"11":{"line":89,"type":"binary-expr","locations":[{"start":{"line":89,"column":20},"end":{"line":89,"column":25},"skip":true},{"start":{"line":89,"column":29},"end":{"line":89,"column":48},"skip":true},{"start":{"line":89,"column":52},"end":{"line":89,"column":74},"skip":true}]},"12":{"line":92,"type":"if","locations":[{"start":{"line":92,"column":16},"end":{"line":92,"column":16},"skip":true},{"start":{"line":92,"column":16},"end":{"line":92,"column":16},"skip":true}]},"13":{"line":108,"type":"if","locations":[{"start":{"line":108,"column":12},"end":{"line":108,"column":12},"skip":true},{"start":{"line":108,"column":12},"end":{"line":108,"column":12},"skip":true}]},"14":{"line":108,"type":"binary-expr","locations":[{"start":{"line":108,"column":16},"end":{"line":108,"column":61},"skip":true},{"start":{"line":108,"column":66},"end":{"line":108,"column":72},"skip":true},{"start":{"line":108,"column":77},"end":{"line":108,"column":82},"skip":true},{"start":{"line":109,"column":20},"end":{"line":109,"column":39},"skip":true},{"start":{"line":110,"column":20},"end":{"line":110,"column":49},"skip":true},{"start":{"line":111,"column":20},"end":{"line":111,"column":58},"skip":true},{"start":{"line":112,"column":20},"end":{"line":112,"column":68},"skip":true}]},"15":{"line":129,"type":"if","locations":[{"start":{"line":129,"column":16},"end":{"line":129,"column":16},"skip":true},{"start":{"line":129,"column":16},"end":{"line":129,"column":16},"skip":true}]},"16":{"line":134,"type":"cond-expr","locations":[{"start":{"line":135,"column":26},"end":{"line":135,"column":29},"skip":true},{"start":{"line":136,"column":26},"end":{"line":136,"column":54},"skip":true}]},"17":{"line":164,"type":"binary-expr","locations":[{"start":{"line":164,"column":27},"end":{"line":164,"column":43},"skip":true},{"start":{"line":164,"column":47},"end":{"line":164,"column":49},"skip":true}]},"18":{"line":258,"type":"if","locations":[{"start":{"line":258,"column":8},"end":{"line":258,"column":8},"skip":true},{"start":{"line":258,"column":8},"end":{"line":258,"column":8},"skip":true}]},"19":{"line":275,"type":"switch","locations":[{"start":{"line":276,"column":20},"end":{"line":277,"column":64},"skip":true},{"start":{"line":278,"column":20},"end":{"line":279,"column":40},"skip":true},{"start":{"line":280,"column":20},"end":{"line":281,"column":40},"skip":true},{"start":{"line":282,"column":20},"end":{"line":283,"column":39},"skip":true}]},"20":{"line":288,"type":"if","locations":[{"start":{"line":288,"column":8},"end":{"line":288,"column":8},"skip":true},{"start":{"line":288,"column":8},"end":{"line":288,"column":8},"skip":true}]},"21":{"line":288,"type":"binary-expr","locations":[{"start":{"line":288,"column":12},"end":{"line":288,"column":40},"skip":true},{"start":{"line":288,"column":44},"end":{"line":288,"column":67},"skip":true}]},"22":{"line":292,"type":"binary-expr","locations":[{"start":{"line":292,"column":12},"end":{"line":292,"column":50},"skip":true},{"start":{"line":293,"column":12},"end":{"line":293,"column":53},"skip":true}]},"23":{"line":297,"type":"binary-expr","locations":[{"start":{"line":297,"column":12},"end":{"line":297,"column":65},"skip":true},{"start":{"line":298,"column":12},"end":{"line":301,"column":36},"skip":true}]},"24":{"line":303,"type":"binary-expr","locations":[{"start":{"line":303,"column":43},"end":{"line":303,"column":75},"skip":true},{"start":{"line":303,"column":79},"end":{"line":303,"column":81},"skip":true}]},"25":{"line":306,"type":"if","locations":[{"start":{"line":306,"column":8},"end":{"line":306,"column":8},"skip":true},{"start":{"line":306,"column":8},"end":{"line":306,"column":8},"skip":true}]},"26":{"line":310,"type":"if","locations":[{"start":{"line":310,"column":8},"end":{"line":310,"column":8},"skip":true},{"start":{"line":310,"column":8},"end":{"line":310,"column":8},"skip":true}]},"27":{"line":313,"type":"binary-expr","locations":[{"start":{"line":313,"column":27},"end":{"line":313,"column":43},"skip":true},{"start":{"line":313,"column":47},"end":{"line":313,"column":53},"skip":true}]},"28":{"line":317,"type":"if","locations":[{"start":{"line":317,"column":12},"end":{"line":317,"column":12},"skip":true},{"start":{"line":317,"column":12},"end":{"line":317,"column":12},"skip":true}]}},"code":["/*","example.js","","quickstart example","","instruction","    1. save this script as example.js","    2. run the shell command:","        $ npm install npmtest-wordpos && PORT=8081 node example.js","    3. play with the browser-demo on http://127.0.0.1:8081","*/","","","","/* istanbul instrument in package npmtest_wordpos */","/*jslint","    bitwise: true,","    browser: true,","    maxerr: 8,","    maxlen: 96,","    node: true,","    nomen: true,","    regexp: true,","    stupid: true","*/","(function () {","    'use strict';","    var local;","","","","    // run shared js-env code - pre-init","    (function () {","        // init local","        local = {};","        // init modeJs","        local.modeJs = (function () {","            try {","                return typeof navigator.userAgent === 'string' &&","                    typeof document.querySelector('body') === 'object' &&","                    typeof XMLHttpRequest.prototype.open === 'function' &&","                    'browser';","            } catch (errorCaughtBrowser) {","                return module.exports &&","                    typeof process.versions.node === 'string' &&","                    typeof require('http').createServer === 'function' &&","                    'node';","            }","        }());","        // init global","        local.global = local.modeJs === 'browser'","            ? window","            : global;","        // init utility2_rollup","        local = local.global.utility2_rollup || (local.modeJs === 'browser'","            ? local.global.utility2_npmtest_wordpos","            : global.utility2_moduleExports);","        // export local","        local.global.local = local;","    }());","    switch (local.modeJs) {","","","","    // post-init","    // run browser js-env code - post-init","    /* istanbul ignore next */","    case 'browser':","        local.testRunBrowser = function (event) {","            if (!event || (event &&","                    event.currentTarget &&","                    event.currentTarget.className &&","                    event.currentTarget.className.includes &&","                    event.currentTarget.className.includes('onreset'))) {","                // reset output","                Array.from(","                    document.querySelectorAll('body > .resettable')","                ).forEach(function (element) {","                    switch (element.tagName) {","                    case 'INPUT':","                    case 'TEXTAREA':","                        element.value = '';","                        break;","                    default:","                        element.textContent = '';","                    }","                });","            }","            switch (event && event.currentTarget && event.currentTarget.id) {","            case 'testRunButton1':","                // show tests","                if (document.querySelector('#testReportDiv1').style.display === 'none') {","                    document.querySelector('#testReportDiv1').style.display = 'block';","                    document.querySelector('#testRunButton1').textContent =","                        'hide internal test';","                    local.modeTest = true;","                    local.testRunDefault(local);","                // hide tests","                } else {","                    document.querySelector('#testReportDiv1').style.display = 'none';","                    document.querySelector('#testRunButton1').textContent = 'run internal test';","                }","                break;","            // custom-case","            default:","                break;","            }","            if (document.querySelector('#inputTextareaEval1') && (!event || (event &&","                    event.currentTarget &&","                    event.currentTarget.className &&","                    event.currentTarget.className.includes &&","                    event.currentTarget.className.includes('oneval')))) {","                // try to eval input-code","                try {","                    /*jslint evil: true*/","                    eval(document.querySelector('#inputTextareaEval1').value);","                } catch (errorCaught) {","                    console.error(errorCaught);","                }","            }","        };","        // log stderr and stdout to #outputTextareaStdout1","        ['error', 'log'].forEach(function (key) {","            console[key + '_original'] = console[key];","            console[key] = function () {","                var element;","                console[key + '_original'].apply(console, arguments);","                element = document.querySelector('#outputTextareaStdout1');","                if (!element) {","                    return;","                }","                // append text to #outputTextareaStdout1","                element.value += Array.from(arguments).map(function (arg) {","                    return typeof arg === 'string'","                        ? arg","                        : JSON.stringify(arg, null, 4);","                }).join(' ') + '\\n';","                // scroll textarea to bottom","                element.scrollTop = element.scrollHeight;","            };","        });","        // init event-handling","        ['change', 'click', 'keyup'].forEach(function (event) {","            Array.from(document.querySelectorAll('.on' + event)).forEach(function (element) {","                element.addEventListener(event, local.testRunBrowser);","            });","        });","        // run tests","        local.testRunBrowser();","        break;","","","","    // run node js-env code - post-init","    /* istanbul ignore next */","    case 'node':","        // export local","        module.exports = local;","        // require modules","        local.fs = require('fs');","        local.http = require('http');","        local.url = require('url');","        // init assets","        local.assetsDict = local.assetsDict || {};","        /* jslint-ignore-begin */","        local.assetsDict['/assets.index.template.html'] = '\\","<!doctype html>\\n\\","<html lang=\"en\">\\n\\","<head>\\n\\","<meta charset=\"UTF-8\">\\n\\","<meta name=\"viewport\" content=\"width=device-width, initial-scale=1\">\\n\\","<title>{{env.npm_package_name}} (v{{env.npm_package_version}})</title>\\n\\","<style>\\n\\","/*csslint\\n\\","    box-sizing: false,\\n\\","    universal-selector: false\\n\\","*/\\n\\","* {\\n\\","    box-sizing: border-box;\\n\\","}\\n\\","body {\\n\\","    background: #dde;\\n\\","    font-family: Arial, Helvetica, sans-serif;\\n\\","    margin: 2rem;\\n\\","}\\n\\","body > * {\\n\\","    margin-bottom: 1rem;\\n\\","}\\n\\",".utility2FooterDiv {\\n\\","    margin-top: 20px;\\n\\","    text-align: center;\\n\\","}\\n\\","</style>\\n\\","<style>\\n\\","/*csslint\\n\\","*/\\n\\","textarea {\\n\\","    font-family: monospace;\\n\\","    height: 10rem;\\n\\","    width: 100%;\\n\\","}\\n\\","textarea[readonly] {\\n\\","    background: #ddd;\\n\\","}\\n\\","</style>\\n\\","</head>\\n\\","<body>\\n\\","<!-- utility2-comment\\n\\","<div id=\"ajaxProgressDiv1\" style=\"background: #d00; height: 2px; left: 0; margin: 0; padding: 0; position: fixed; top: 0; transition: background 0.5s, width 1.5s; width: 25%;\"></div>\\n\\","utility2-comment -->\\n\\","<h1>\\n\\","<!-- utility2-comment\\n\\","    <a\\n\\","        {{#if env.npm_package_homepage}}\\n\\","        href=\"{{env.npm_package_homepage}}\"\\n\\","        {{/if env.npm_package_homepage}}\\n\\","        target=\"_blank\"\\n\\","    >\\n\\","utility2-comment -->\\n\\","        {{env.npm_package_name}} (v{{env.npm_package_version}})\\n\\","<!-- utility2-comment\\n\\","    </a>\\n\\","utility2-comment -->\\n\\","</h1>\\n\\","<h3>{{env.npm_package_description}}</h3>\\n\\","<!-- utility2-comment\\n\\","<h4><a download href=\"assets.app.js\">download standalone app</a></h4>\\n\\","<button class=\"onclick onreset\" id=\"testRunButton1\">run internal test</button><br>\\n\\","<div id=\"testReportDiv1\" style=\"display: none;\"></div>\\n\\","utility2-comment -->\\n\\","\\n\\","\\n\\","\\n\\","<label>stderr and stdout</label>\\n\\","<textarea class=\"resettable\" id=\"outputTextareaStdout1\" readonly></textarea>\\n\\","<!-- utility2-comment\\n\\","{{#if isRollup}}\\n\\","<script src=\"assets.app.js\"></script>\\n\\","{{#unless isRollup}}\\n\\","utility2-comment -->\\n\\","<script src=\"assets.utility2.rollup.js\"></script>\\n\\","<script src=\"jsonp.utility2._stateInit?callback=window.utility2._stateInit\"></script>\\n\\","<script src=\"assets.npmtest_wordpos.rollup.js\"></script>\\n\\","<script src=\"assets.example.js\"></script>\\n\\","<script src=\"assets.test.js\"></script>\\n\\","<!-- utility2-comment\\n\\","{{/if isRollup}}\\n\\","utility2-comment -->\\n\\","<div class=\"utility2FooterDiv\">\\n\\","    [ this app was created with\\n\\","    <a href=\"https://github.com/kaizhu256/node-utility2\" target=\"_blank\">utility2</a>\\n\\","    ]\\n\\","</div>\\n\\","</body>\\n\\","</html>\\n\\","';","        /* jslint-ignore-end */","        if (local.templateRender) {","            local.assetsDict['/'] = local.templateRender(","                local.assetsDict['/assets.index.template.html'],","                {","                    env: local.objectSetDefault(local.env, {","                        npm_package_description: 'the greatest app in the world!',","                        npm_package_name: 'my-app',","                        npm_package_nameAlias: 'my_app',","                        npm_package_version: '0.0.1'","                    })","                }","            );","        } else {","            local.assetsDict['/'] = local.assetsDict['/assets.index.template.html']","                .replace((/\\{\\{env\\.(\\w+?)\\}\\}/g), function (match0, match1) {","                    // jslint-hack","                    String(match0);","                    switch (match1) {","                    case 'npm_package_description':","                        return 'the greatest app in the world!';","                    case 'npm_package_name':","                        return 'my-app';","                    case 'npm_package_nameAlias':","                        return 'my_app';","                    case 'npm_package_version':","                        return '0.0.1';","                    }","                });","        }","        // run the cli","        if (local.global.utility2_rollup || module !== require.main) {","            break;","        }","        local.assetsDict['/assets.example.js'] =","            local.assetsDict['/assets.example.js'] ||","            local.fs.readFileSync(__filename, 'utf8');","        // bug-workaround - long $npm_package_buildCustomOrg","        /* jslint-ignore-begin */","        local.assetsDict['/assets.npmtest_wordpos.rollup.js'] =","            local.assetsDict['/assets.npmtest_wordpos.rollup.js'] ||","            local.fs.readFileSync(","                local.npmtest_wordpos.__dirname + '/lib.npmtest_wordpos.js',","                'utf8'","            ).replace((/^#!/), '//');","        /* jslint-ignore-end */","        local.assetsDict['/favicon.ico'] = local.assetsDict['/favicon.ico'] || '';","        // if $npm_config_timeout_exit exists,","        // then exit this process after $npm_config_timeout_exit ms","        if (Number(process.env.npm_config_timeout_exit)) {","            setTimeout(process.exit, Number(process.env.npm_config_timeout_exit));","        }","        // start server","        if (local.global.utility2_serverHttp1) {","            break;","        }","        process.env.PORT = process.env.PORT || '8081';","        console.error('server starting on port ' + process.env.PORT);","        local.http.createServer(function (request, response) {","            request.urlParsed = local.url.parse(request.url);","            if (local.assetsDict[request.urlParsed.pathname] !== undefined) {","                response.end(local.assetsDict[request.urlParsed.pathname]);","                return;","            }","            response.statusCode = 404;","            response.end();","        }).listen(process.env.PORT);","        break;","    }","}());",""],"l":{"26":2,"28":2,"33":2,"35":2,"37":2,"38":2,"39":2,"44":1,"51":2,"55":2,"59":2,"61":2,"69":1,"70":2,"76":2,"79":2,"82":2,"83":2,"85":1,"89":2,"92":1,"93":1,"94":1,"96":1,"97":1,"100":1,"101":1,"103":1,"106":1,"108":2,"114":1,"116":1,"118":1,"123":1,"124":2,"125":2,"126":3,"127":3,"128":3,"129":3,"130":1,"133":3,"134":3,"139":3,"143":1,"144":3,"145":1,"149":1,"150":1,"158":1,"160":1,"161":1,"162":1,"164":1,"166":1,"258":1,"259":1,"271":1,"274":6,"275":6,"277":1,"279":2,"281":1,"283":2,"288":1,"289":1,"291":1,"296":1,"303":1,"306":1,"307":1,"310":1,"311":1,"313":1,"314":1,"315":1,"316":1,"317":1,"318":1,"319":1,"321":1,"322":1,"324":1}},"/home/travis/build/npmtest/node-npmtest-wordpos/node_modules/wordpos/src/wordpos.js":{"path":"/home/travis/build/npmtest/node-npmtest-wordpos/node_modules/wordpos/src/wordpos.js","s":{"1":1,"2":1,"3":0,"4":1,"5":1,"6":1,"7":0,"8":1,"9":0,"10":1,"11":0,"12":0,"13":0,"14":0,"15":0,"16":0,"17":1,"18":4,"19":0,"20":0,"21":0,"22":0,"23":0,"24":0,"25":1,"26":0,"27":0,"28":0,"29":0,"30":0,"31":0,"32":1,"33":4,"34":0,"35":0,"36":0,"37":0,"38":0,"39":0,"40":0,"41":0,"42":1,"43":4,"44":0,"45":0,"46":1,"47":0,"48":0,"49":1,"50":0,"51":0,"52":0,"53":0,"54":1,"55":0,"56":0,"57":1,"58":0,"59":0,"60":0,"61":0,"62":0,"63":0,"64":0,"65":0,"66":0,"67":0,"68":0,"69":0,"70":0,"71":0,"72":1,"73":1,"74":1,"75":0,"76":0,"77":1,"78":0,"79":0,"80":1,"81":0,"82":0,"83":0,"84":0,"85":1,"86":0,"87":0,"88":1,"89":0,"90":0,"91":1,"92":0,"93":0,"94":0,"95":1,"96":0,"97":0,"98":0,"99":0,"100":0,"101":1,"102":0,"103":0,"104":1,"105":0,"106":0,"107":0,"108":0,"109":0,"110":0,"111":1,"112":1,"113":1,"114":1,"115":1,"116":1,"117":1,"118":1,"119":1,"120":1,"121":1,"122":1,"123":1,"124":1,"125":0,"126":0,"127":0,"128":0,"129":0,"130":0,"131":0,"132":1,"133":0,"134":0,"135":0,"136":1,"137":1,"138":1},"b":{"1":[0,0],"2":[0,0],"3":[0,0],"4":[0,0],"5":[0,0],"6":[0,0],"7":[0,0],"8":[0,0],"9":[0,0],"10":[0,0],"11":[0,0],"12":[0,0],"13":[0,0],"14":[0,0],"15":[0,0],"16":[0,0,0],"17":[0,0],"18":[0,0],"19":[0,0],"20":[0,0],"21":[0,0],"22":[0,0,0,0,0],"23":[0,0],"24":[0,0],"25":[0,0],"26":[0,0]},"f":{"1":0,"2":1,"3":0,"4":0,"5":0,"6":4,"7":0,"8":0,"9":0,"10":4,"11":0,"12":0,"13":4,"14":0,"15":0,"16":0,"17":0,"18":0,"19":0,"20":0,"21":0,"22":0,"23":0,"24":0,"25":0,"26":0,"27":0,"28":0,"29":0,"30":0,"31":0,"32":0},"fnMap":{"1":{"name":"normalize","line":21,"loc":{"start":{"line":21,"column":0},"end":{"line":21,"column":25}}},"2":{"name":"makeStopwordString","line":25,"loc":{"start":{"line":25,"column":0},"end":{"line":25,"column":39}}},"3":{"name":"isStopword","line":29,"loc":{"start":{"line":29,"column":0},"end":{"line":29,"column":37}}},"4":{"name":"tokenizer","line":33,"loc":{"start":{"line":33,"column":0},"end":{"line":33,"column":24}}},"5":{"name":"prepText","line":37,"loc":{"start":{"line":37,"column":0},"end":{"line":37,"column":24}}},"6":{"name":"lookup","line":52,"loc":{"start":{"line":52,"column":0},"end":{"line":52,"column":21}}},"7":{"name":"(anonymous_7)","line":53,"loc":{"start":{"line":53,"column":9},"end":{"line":53,"column":34}}},"8":{"name":"(anonymous_8)","line":63,"loc":{"start":{"line":63,"column":12},"end":{"line":63,"column":29}}},"9":{"name":"done","line":74,"loc":{"start":{"line":74,"column":4},"end":{"line":74,"column":27}}},"10":{"name":"is","line":94,"loc":{"start":{"line":94,"column":0},"end":{"line":94,"column":16}}},"11":{"name":"(anonymous_11)","line":95,"loc":{"start":{"line":95,"column":9},"end":{"line":95,"column":46}}},"12":{"name":"(anonymous_12)","line":105,"loc":{"start":{"line":105,"column":12},"end":{"line":105,"column":29}}},"13":{"name":"get","line":122,"loc":{"start":{"line":122,"column":0},"end":{"line":122,"column":19}}},"14":{"name":"(anonymous_14)","line":123,"loc":{"start":{"line":123,"column":9},"end":{"line":123,"column":46}}},"15":{"name":"exec","line":135,"loc":{"start":{"line":135,"column":4},"end":{"line":135,"column":24}}},"16":{"name":"collect","line":138,"loc":{"start":{"line":138,"column":14},"end":{"line":138,"column":39}}},"17":{"name":"done","line":143,"loc":{"start":{"line":143,"column":4},"end":{"line":143,"column":19}}},"18":{"name":"nextTick","line":154,"loc":{"start":{"line":154,"column":0},"end":{"line":154,"column":28}}},"19":{"name":"(anonymous_19)","line":166,"loc":{"start":{"line":166,"column":14},"end":{"line":166,"column":32}}},"20":{"name":"(anonymous_20)","line":222,"loc":{"start":{"line":222,"column":22},"end":{"line":222,"column":47}}},"21":{"name":"exec","line":234,"loc":{"start":{"line":234,"column":2},"end":{"line":234,"column":24}}},"22":{"name":"collect","line":237,"loc":{"start":{"line":237,"column":12},"end":{"line":237,"column":36}}},"23":{"name":"done","line":242,"loc":{"start":{"line":242,"column":2},"end":{"line":242,"column":18}}},"24":{"name":"error","line":249,"loc":{"start":{"line":249,"column":2},"end":{"line":249,"column":22}}},"25":{"name":"(anonymous_25)","line":264,"loc":{"start":{"line":264,"column":22},"end":{"line":264,"column":47}}},"26":{"name":"exec","line":277,"loc":{"start":{"line":277,"column":2},"end":{"line":277,"column":24}}},"27":{"name":"collect","line":280,"loc":{"start":{"line":280,"column":12},"end":{"line":280,"column":38}}},"28":{"name":"done","line":287,"loc":{"start":{"line":287,"column":2},"end":{"line":287,"column":18}}},"29":{"name":"error","line":302,"loc":{"start":{"line":302,"column":2},"end":{"line":302,"column":22}}},"30":{"name":"(anonymous_30)","line":314,"loc":{"start":{"line":314,"column":27},"end":{"line":314,"column":42}}},"31":{"name":"(anonymous_31)","line":373,"loc":{"start":{"line":373,"column":20},"end":{"line":373,"column":51}}},"32":{"name":"error","line":382,"loc":{"start":{"line":382,"column":2},"end":{"line":382,"column":22}}}},"statementMap":{"1":{"start":{"line":12,"column":0},"end":{"line":18,"column":37}},"2":{"start":{"line":21,"column":0},"end":{"line":23,"column":1}},"3":{"start":{"line":22,"column":2},"end":{"line":22,"column":49}},"4":{"start":{"line":25,"column":0},"end":{"line":27,"column":1}},"5":{"start":{"line":26,"column":2},"end":{"line":26,"column":39}},"6":{"start":{"line":29,"column":0},"end":{"line":31,"column":1}},"7":{"start":{"line":30,"column":2},"end":{"line":30,"column":46}},"8":{"start":{"line":33,"column":0},"end":{"line":35,"column":1}},"9":{"start":{"line":34,"column":2},"end":{"line":34,"column":26}},"10":{"start":{"line":37,"column":0},"end":{"line":44,"column":1}},"11":{"start":{"line":38,"column":2},"end":{"line":38,"column":35}},"12":{"start":{"line":38,"column":23},"end":{"line":38,"column":35}},"13":{"start":{"line":39,"column":2},"end":{"line":39,"column":40}},"14":{"start":{"line":40,"column":2},"end":{"line":40,"column":46}},"15":{"start":{"line":40,"column":31},"end":{"line":40,"column":46}},"16":{"start":{"line":41,"column":2},"end":{"line":43,"column":5}},"17":{"start":{"line":52,"column":0},"end":{"line":86,"column":1}},"18":{"start":{"line":53,"column":2},"end":{"line":85,"column":4}},"19":{"start":{"line":54,"column":4},"end":{"line":57,"column":16}},"20":{"start":{"line":59,"column":4},"end":{"line":59,"column":27}},"21":{"start":{"line":62,"column":4},"end":{"line":72,"column":19}},"22":{"start":{"line":64,"column":8},"end":{"line":70,"column":9}},"23":{"start":{"line":66,"column":10},"end":{"line":66,"column":67}},"24":{"start":{"line":69,"column":10},"end":{"line":69,"column":26}},"25":{"start":{"line":74,"column":4},"end":{"line":84,"column":5}},"26":{"start":{"line":75,"column":6},"end":{"line":79,"column":7}},"27":{"start":{"line":76,"column":8},"end":{"line":76,"column":28}},"28":{"start":{"line":78,"column":8},"end":{"line":78,"column":33}},"29":{"start":{"line":81,"column":6},"end":{"line":81,"column":47}},"30":{"start":{"line":82,"column":6},"end":{"line":82,"column":31}},"31":{"start":{"line":83,"column":6},"end":{"line":83,"column":21}},"32":{"start":{"line":94,"column":0},"end":{"line":113,"column":1}},"33":{"start":{"line":95,"column":2},"end":{"line":112,"column":4}},"34":{"start":{"line":97,"column":4},"end":{"line":100,"column":42}},"35":{"start":{"line":101,"column":4},"end":{"line":101,"column":27}},"36":{"start":{"line":103,"column":4},"end":{"line":111,"column":9}},"37":{"start":{"line":106,"column":8},"end":{"line":106,"column":30}},"38":{"start":{"line":107,"column":8},"end":{"line":107,"column":32}},"39":{"start":{"line":108,"column":8},"end":{"line":108,"column":49}},"40":{"start":{"line":109,"column":8},"end":{"line":109,"column":33}},"41":{"start":{"line":110,"column":8},"end":{"line":110,"column":22}},"42":{"start":{"line":122,"column":0},"end":{"line":150,"column":1}},"43":{"start":{"line":123,"column":2},"end":{"line":149,"column":4}},"44":{"start":{"line":124,"column":4},"end":{"line":128,"column":18}},"45":{"start":{"line":131,"column":4},"end":{"line":133,"column":18}},"46":{"start":{"line":135,"column":4},"end":{"line":141,"column":5}},"47":{"start":{"line":136,"column":6},"end":{"line":140,"column":11}},"48":{"start":{"line":139,"column":10},"end":{"line":139,"column":39}},"49":{"start":{"line":143,"column":4},"end":{"line":148,"column":5}},"50":{"start":{"line":144,"column":6},"end":{"line":144,"column":27}},"51":{"start":{"line":145,"column":6},"end":{"line":145,"column":47}},"52":{"start":{"line":146,"column":6},"end":{"line":146,"column":31}},"53":{"start":{"line":147,"column":6},"end":{"line":147,"column":21}},"54":{"start":{"line":154,"column":0},"end":{"line":158,"column":1}},"55":{"start":{"line":155,"column":2},"end":{"line":157,"column":3}},"56":{"start":{"line":156,"column":4},"end":{"line":156,"column":25}},"57":{"start":{"line":166,"column":0},"end":{"line":191,"column":2}},"58":{"start":{"line":167,"column":2},"end":{"line":167,"column":15}},"59":{"start":{"line":169,"column":2},"end":{"line":171,"column":23}},"60":{"start":{"line":173,"column":2},"end":{"line":173,"column":35}},"61":{"start":{"line":175,"column":2},"end":{"line":175,"column":51}},"62":{"start":{"line":176,"column":2},"end":{"line":176,"column":51}},"63":{"start":{"line":177,"column":2},"end":{"line":177,"column":49}},"64":{"start":{"line":178,"column":2},"end":{"line":178,"column":49}},"65":{"start":{"line":180,"column":2},"end":{"line":180,"column":49}},"66":{"start":{"line":181,"column":2},"end":{"line":181,"column":49}},"67":{"start":{"line":182,"column":2},"end":{"line":182,"column":47}},"68":{"start":{"line":183,"column":2},"end":{"line":183,"column":47}},"69":{"start":{"line":186,"column":2},"end":{"line":186,"column":31}},"70":{"start":{"line":188,"column":2},"end":{"line":190,"column":3}},"71":{"start":{"line":189,"column":4},"end":{"line":189,"column":72}},"72":{"start":{"line":194,"column":0},"end":{"line":211,"column":2}},"73":{"start":{"line":213,"column":0},"end":{"line":213,"column":37}},"74":{"start":{"line":222,"column":0},"end":{"line":253,"column":2}},"75":{"start":{"line":223,"column":2},"end":{"line":227,"column":78}},"76":{"start":{"line":229,"column":2},"end":{"line":232,"column":18}},"77":{"start":{"line":234,"column":2},"end":{"line":240,"column":3}},"78":{"start":{"line":235,"column":4},"end":{"line":239,"column":9}},"79":{"start":{"line":238,"column":8},"end":{"line":238,"column":41}},"80":{"start":{"line":242,"column":2},"end":{"line":247,"column":3}},"81":{"start":{"line":243,"column":4},"end":{"line":243,"column":31}},"82":{"start":{"line":244,"column":4},"end":{"line":244,"column":45}},"83":{"start":{"line":245,"column":4},"end":{"line":245,"column":29}},"84":{"start":{"line":246,"column":4},"end":{"line":246,"column":19}},"85":{"start":{"line":249,"column":2},"end":{"line":252,"column":3}},"86":{"start":{"line":250,"column":4},"end":{"line":250,"column":35}},"87":{"start":{"line":251,"column":4},"end":{"line":251,"column":14}},"88":{"start":{"line":264,"column":0},"end":{"line":306,"column":2}},"89":{"start":{"line":265,"column":2},"end":{"line":270,"column":70}},"90":{"start":{"line":272,"column":2},"end":{"line":275,"column":18}},"91":{"start":{"line":277,"column":2},"end":{"line":285,"column":3}},"92":{"start":{"line":278,"column":4},"end":{"line":284,"column":9}},"93":{"start":{"line":282,"column":8},"end":{"line":282,"column":57}},"94":{"start":{"line":283,"column":8},"end":{"line":283,"column":31}},"95":{"start":{"line":287,"column":2},"end":{"line":300,"column":3}},"96":{"start":{"line":288,"column":4},"end":{"line":293,"column":20}},"97":{"start":{"line":295,"column":4},"end":{"line":295,"column":46}},"98":{"start":{"line":297,"column":4},"end":{"line":297,"column":45}},"99":{"start":{"line":298,"column":4},"end":{"line":298,"column":29}},"100":{"start":{"line":299,"column":4},"end":{"line":299,"column":16}},"101":{"start":{"line":302,"column":2},"end":{"line":305,"column":3}},"102":{"start":{"line":303,"column":4},"end":{"line":303,"column":27}},"103":{"start":{"line":304,"column":4},"end":{"line":304,"column":14}},"104":{"start":{"line":314,"column":0},"end":{"line":326,"column":2}},"105":{"start":{"line":315,"column":2},"end":{"line":324,"column":3}},"106":{"start":{"line":317,"column":6},"end":{"line":317,"column":58}},"107":{"start":{"line":319,"column":6},"end":{"line":319,"column":58}},"108":{"start":{"line":321,"column":4},"end":{"line":321,"column":54}},"109":{"start":{"line":323,"column":6},"end":{"line":323,"column":56}},"110":{"start":{"line":325,"column":2},"end":{"line":325,"column":12}},"111":{"start":{"line":333,"column":0},"end":{"line":333,"column":43}},"112":{"start":{"line":334,"column":0},"end":{"line":334,"column":40}},"113":{"start":{"line":335,"column":0},"end":{"line":335,"column":38}},"114":{"start":{"line":336,"column":0},"end":{"line":336,"column":38}},"115":{"start":{"line":342,"column":0},"end":{"line":342,"column":35}},"116":{"start":{"line":343,"column":0},"end":{"line":343,"column":32}},"117":{"start":{"line":344,"column":0},"end":{"line":344,"column":30}},"118":{"start":{"line":345,"column":0},"end":{"line":345,"column":30}},"119":{"start":{"line":351,"column":0},"end":{"line":351,"column":48}},"120":{"start":{"line":352,"column":0},"end":{"line":352,"column":42}},"121":{"start":{"line":353,"column":0},"end":{"line":353,"column":38}},"122":{"start":{"line":354,"column":0},"end":{"line":354,"column":38}},"123":{"start":{"line":362,"column":0},"end":{"line":362,"column":30}},"124":{"start":{"line":373,"column":0},"end":{"line":387,"column":2}},"125":{"start":{"line":374,"column":2},"end":{"line":374,"column":26}},"126":{"start":{"line":375,"column":2},"end":{"line":375,"column":92}},"127":{"start":{"line":375,"column":38},"end":{"line":375,"column":92}},"128":{"start":{"line":377,"column":2},"end":{"line":377,"column":40}},"129":{"start":{"line":378,"column":2},"end":{"line":378,"column":80}},"130":{"start":{"line":378,"column":13},"end":{"line":378,"column":80}},"131":{"start":{"line":380,"column":2},"end":{"line":380,"column":39}},"132":{"start":{"line":382,"column":2},"end":{"line":386,"column":3}},"133":{"start":{"line":383,"column":4},"end":{"line":383,"column":29}},"134":{"start":{"line":384,"column":4},"end":{"line":384,"column":34}},"135":{"start":{"line":385,"column":4},"end":{"line":385,"column":31}},"136":{"start":{"line":394,"column":0},"end":{"line":394,"column":20}},"137":{"start":{"line":400,"column":0},"end":{"line":400,"column":30}},"138":{"start":{"line":403,"column":0},"end":{"line":403,"column":25}}},"branchMap":{"1":{"line":38,"type":"if","locations":[{"start":{"line":38,"column":2},"end":{"line":38,"column":2}},{"start":{"line":38,"column":2},"end":{"line":38,"column":2}}]},"2":{"line":40,"type":"if","locations":[{"start":{"line":40,"column":2},"end":{"line":40,"column":2}},{"start":{"line":40,"column":2},"end":{"line":40,"column":2}}]},"3":{"line":42,"type":"cond-expr","locations":[{"start":{"line":42,"column":41},"end":{"line":42,"column":63}},{"start":{"line":42,"column":66},"end":{"line":42,"column":78}}]},"4":{"line":55,"type":"binary-expr","locations":[{"start":{"line":55,"column":14},"end":{"line":55,"column":21}},{"start":{"line":55,"column":25},"end":{"line":55,"column":35}}]},"5":{"line":64,"type":"if","locations":[{"start":{"line":64,"column":8},"end":{"line":64,"column":8}},{"start":{"line":64,"column":8},"end":{"line":64,"column":8}}]},"6":{"line":75,"type":"if","locations":[{"start":{"line":75,"column":6},"end":{"line":75,"column":6}},{"start":{"line":75,"column":6},"end":{"line":75,"column":6}}]},"7":{"line":81,"type":"binary-expr","locations":[{"start":{"line":81,"column":6},"end":{"line":81,"column":13}},{"start":{"line":81,"column":17},"end":{"line":81,"column":46}}]},"8":{"line":97,"type":"binary-expr","locations":[{"start":{"line":97,"column":18},"end":{"line":97,"column":38}},{"start":{"line":97,"column":42},"end":{"line":97,"column":53}}]},"9":{"line":98,"type":"binary-expr","locations":[{"start":{"line":98,"column":14},"end":{"line":98,"column":21}},{"start":{"line":98,"column":25},"end":{"line":98,"column":35}}]},"10":{"line":108,"type":"binary-expr","locations":[{"start":{"line":108,"column":8},"end":{"line":108,"column":15}},{"start":{"line":108,"column":19},"end":{"line":108,"column":48}}]},"11":{"line":124,"type":"binary-expr","locations":[{"start":{"line":124,"column":18},"end":{"line":124,"column":38}},{"start":{"line":124,"column":42},"end":{"line":124,"column":53}}]},"12":{"line":125,"type":"binary-expr","locations":[{"start":{"line":125,"column":14},"end":{"line":125,"column":21}},{"start":{"line":125,"column":25},"end":{"line":125,"column":35}}]},"13":{"line":139,"type":"binary-expr","locations":[{"start":{"line":139,"column":10},"end":{"line":139,"column":16}},{"start":{"line":139,"column":20},"end":{"line":139,"column":38}}]},"14":{"line":145,"type":"binary-expr","locations":[{"start":{"line":145,"column":6},"end":{"line":145,"column":13}},{"start":{"line":145,"column":17},"end":{"line":145,"column":46}}]},"15":{"line":155,"type":"if","locations":[{"start":{"line":155,"column":2},"end":{"line":155,"column":2}},{"start":{"line":155,"column":2},"end":{"line":155,"column":2}}]},"16":{"line":169,"type":"binary-expr","locations":[{"start":{"line":169,"column":32},"end":{"line":169,"column":51}},{"start":{"line":169,"column":55},"end":{"line":169,"column":62}},{"start":{"line":169,"column":66},"end":{"line":169,"column":68}}]},"17":{"line":188,"type":"if","locations":[{"start":{"line":188,"column":2},"end":{"line":188,"column":2}},{"start":{"line":188,"column":2},"end":{"line":188,"column":2}}]},"18":{"line":226,"type":"binary-expr","locations":[{"start":{"line":226,"column":12},"end":{"line":226,"column":19}},{"start":{"line":226,"column":23},"end":{"line":226,"column":33}}]},"19":{"line":244,"type":"binary-expr","locations":[{"start":{"line":244,"column":4},"end":{"line":244,"column":11}},{"start":{"line":244,"column":15},"end":{"line":244,"column":44}}]},"20":{"line":268,"type":"binary-expr","locations":[{"start":{"line":268,"column":12},"end":{"line":268,"column":19}},{"start":{"line":268,"column":23},"end":{"line":268,"column":33}}]},"21":{"line":297,"type":"binary-expr","locations":[{"start":{"line":297,"column":4},"end":{"line":297,"column":11}},{"start":{"line":297,"column":15},"end":{"line":297,"column":44}}]},"22":{"line":315,"type":"switch","locations":[{"start":{"line":316,"column":4},"end":{"line":317,"column":58}},{"start":{"line":318,"column":4},"end":{"line":319,"column":58}},{"start":{"line":320,"column":4},"end":{"line":320,"column":13}},{"start":{"line":320,"column":14},"end":{"line":321,"column":54}},{"start":{"line":322,"column":4},"end":{"line":323,"column":56}}]},"23":{"line":375,"type":"if","locations":[{"start":{"line":375,"column":2},"end":{"line":375,"column":2}},{"start":{"line":375,"column":2},"end":{"line":375,"column":2}}]},"24":{"line":375,"type":"binary-expr","locations":[{"start":{"line":375,"column":6},"end":{"line":375,"column":21}},{"start":{"line":375,"column":25},"end":{"line":375,"column":36}}]},"25":{"line":378,"type":"if","locations":[{"start":{"line":378,"column":2},"end":{"line":378,"column":2}},{"start":{"line":378,"column":2},"end":{"line":378,"column":2}}]},"26":{"line":384,"type":"binary-expr","locations":[{"start":{"line":384,"column":4},"end":{"line":384,"column":12}},{"start":{"line":384,"column":16},"end":{"line":384,"column":33}}]}},"code":["/*!","* wordpos.js","*","*    Node.js part-of-speech utilities using WordNet database.","*","* Copyright (c) 2012-2016 mooster@42at.com","* https://github.com/moos/wordpos","*","* Released under MIT license","*/","","var _ = require('underscore')._,","  util = require('util'),","  stopwords = require('../lib/natural/util/stopwords').words,","  stopwordsStr = makeStopwordString(stopwords),","  WNdb = require('wordnet-db'),","  DataFile = require('./dataFile'),","  IndexFile = require('./indexFile');","","","function normalize(word) {","  return word.toLowerCase().replace(/\\s+/g, '_');","}","","function makeStopwordString(stopwords) {","  return ' '+ stopwords.join(' ') +' ';","}","","function isStopword(stopwords, word) {","  return stopwords.indexOf(' '+word+' ') >= 0;","}","","function tokenizer(str) {","  return str.split(/\\W+/); //_.without(results,'',' ')","}","","function prepText(text) {","  if (_.isArray(text)) return text;","  var deduped = _.uniq(tokenizer(text));","  if (!this.options.stopwords) return deduped;","  return _.reject(deduped, _.bind(isStopword, null,","    _.isString(this.options.stopwords) ? this.options.stopwords : stopwordsStr","  ));","}","","/**"," * factory for main lookup function"," *"," * @param pos {string} - n/v/a/r"," * @returns {Function} - lookup function bound to POS"," */","function lookup(pos) {","  return function(word, callback) {","    var profile = this.options.profile,","      start = profile && new Date(),","      files = this.getFilesFor(pos),","      args = [];","","    word = normalize(word);","","    // lookup index","    return files.index.lookup(word)","      .then(function(result) {","        if (result) {","          // lookup data","          return files.data.lookup(result.synsetOffset).then(done);","        } else {","          // not found in index","          return done([]);","        }","      })","      .catch(done);","","    function done(results) {","      if (results instanceof Error) {","        args.push([], word);","      } else {","        args.push(results, word);","      }","      //console.log(3333, args)","      profile && args.push(new Date() - start);","      nextTick(callback, args);","      return results;","    }","  };","}","","/**"," * isX() factory function"," *"," * @param pos {string} - n/v/a/r"," * @returns {Function}"," */","function is(pos){","  return function(word, callback, _noprofile) {","    // disable profiling when isX() used internally","    var profile = this.options.profile && !_noprofile,","      start = profile && new Date(),","      args = [],","      index = this.getFilesFor(pos).index;","    word = normalize(word);","","    return index","      .lookup(word)","      .then(function(record) {","        var result = !!record;","        args.push(result, word);","        profile && args.push(new Date() - start);","        nextTick(callback, args);","        return result;","      });","  };","}","","","/**"," * getX() factory function"," *"," * @param isFn {function} - an isX() function"," * @returns {Function}"," */","function get(isFn) {","  return function(text, callback, _noprofile) {","    var profile = this.options.profile && !_noprofile,","      start = profile && new Date(),","      words = this.parse(text),","      results = [],","      self = this;","","    //if (!n) return (process.nextTick(done),0);","    return Promise","      .all(words.map(exec))","      .then(done);","","    function exec(word) {","      return self[isFn]","        .call(self, word, null, /*_noprofile*/ true)","        .then(function collect(result) {","          result && results.push(word);","        });","    }","","    function done(){","      var args = [results];","      profile && args.push(new Date() - start);","      nextTick(callback, args);","      return results;","    }","  };","}","","// setImmediate executes callback AFTER promise handlers.","// Without it, exceptions in callback may be caught by Promise.","function nextTick(fn, args) {","  if (fn) {","    fn.apply(null, args);","  }","}","","","/**"," * @class WordPOS"," * @param options {object} -- @see WordPOS.defaults"," * @constructor"," */","var WordPOS = function(options) {","  var dictPath;","","  this.options = _.defaults({}, _.isObject(options) && options || {}, {","    dictPath: WNdb.path","  }, WordPOS.defaults);","","  dictPath = this.options.dictPath;","","  this.nounIndex = new IndexFile(dictPath, 'noun');","  this.verbIndex = new IndexFile(dictPath, 'verb');","  this.adjIndex = new IndexFile(dictPath, 'adj');","  this.advIndex = new IndexFile(dictPath, 'adv');","","  this.nounData = new DataFile(dictPath, 'noun');","  this.verbData = new DataFile(dictPath, 'verb');","  this.adjData = new DataFile(dictPath, 'adj');","  this.advData = new DataFile(dictPath, 'adv');","","  // define randX() functions","  require('./rand').init(this);","","  if (_.isArray(this.options.stopwords)) {","    this.options.stopwords = makeStopwordString(this.options.stopwords);","  }","};","","","WordPOS.defaults = {","  /**","   * path to WordNet data (override only if not using wordnet-db)","   */","  dictPath: '',","","  /**","   * enable profiling, time in msec returned as second argument in callback","   */","  profile: false,","","  /**","   * if true, exclude standard stopwords.","   * if array, stopwords to exclude, eg, ['all','of','this',...]","   * if false, do not filter any stopwords.","   */","  stopwords: true","};","","var wordposProto = WordPOS.prototype;","","/**"," * lookup a word in all indexes"," *"," * @param word {string} - search word"," * @param callback {Function} (optional) - callback with (results, word) signature"," * @returns {Promise}"," */","wordposProto.lookup = function(word, callback) {","  var self = this,","    results = [],","    profile = this.options.profile,","    start = profile && new Date(),","    methods = ['lookupAdverb', 'lookupAdjective', 'lookupVerb', 'lookupNoun'];","","  return Promise","    .all(methods.map(exec))","    .then(done)","    .catch(error);","","  function exec(method) {","    return self[ method ]","      .call(self, word)","      .then(function collect(result){","        results = results.concat(result);","      });","  }","","  function done() {","    var args = [results, word];","    profile && args.push(new Date() - start);","    nextTick(callback, args);","    return results;","  }","","  function error(err) {","    nextTick(callback, [[], word]);","    throw err;","  }","};","","","/**"," * getPOS() - Find all POS for all words in given string"," *"," * @param text {string} - words to lookup for POS"," * @param callback {function} (optional) - receives object with words broken into POS or 'rest', ie,"," * \t    Object: {nouns:[], verbs:[], adjectives:[], adverbs:[], rest:[]}"," * @return Promise - resolve function receives data object"," */","wordposProto.getPOS = function(text, callback) {","  var self = this,","    data = {nouns:[], verbs:[], adjectives:[], adverbs:[], rest:[]},","    profile = this.options.profile,","    start = profile && new Date(),","    words = this.parse(text),","    methods = ['getAdverbs', 'getAdjectives', 'getVerbs', 'getNouns'];","","  return Promise","    .all(methods.map(exec))","    .then(done)","    .catch(error);","","  function exec(method) {","    return self[ method ]","      .call(self, text, null, true)","      .then(function collect(results) {","        // getAdjectives --> adjectives","        var pos = method.replace('get','').toLowerCase();","        data[ pos ] =  results;","      });","  }","","  function done() {","    var matches = _(data).chain()","      .values()","      .flatten()","      .uniq()","      .value(),","      args = [data];","","    data.rest =  _(words).difference(matches);","","    profile && args.push(new Date() - start);","    nextTick(callback, args);","    return data;","  }","","  function error(err) {","    nextTick(callback, []);","    throw err;","  }","};","","/**"," * get index and data files for given pos"," *"," * @param pos {string} - n/v/a/r"," * @returns {object} - keys {index, data}"," */","wordposProto.getFilesFor = function (pos) {","  switch(pos) {","    case 'n':","      return {index: this.nounIndex, data: this.nounData};","    case 'v':","      return {index: this.verbIndex, data: this.verbData};","    case 'a': case 's':","    return {index: this.adjIndex, data: this.adjData};","    case 'r':","      return {index: this.advIndex, data: this.advData};","  }","  return {};","};","","","/**"," * lookupX() - Lookup word definition if already know POS"," * @see lookup"," */","wordposProto.lookupAdjective = lookup('a');","wordposProto.lookupAdverb = lookup('r');","wordposProto.lookupNoun = lookup('n');","wordposProto.lookupVerb = lookup('v');","","/**"," * isX() - Test if word is given POS"," * @see is"," */","wordposProto.isAdjective = is('a');","wordposProto.isAdverb = is('r');","wordposProto.isNoun = is('n');","wordposProto.isVerb = is('v');","","/**"," * getX() - Find all words in string that are given POS"," * @see get"," */","wordposProto.getAdjectives = get('isAdjective');","wordposProto.getAdverbs = get('isAdverb');","wordposProto.getNouns = get('isNoun');","wordposProto.getVerbs = get('isVerb');","","/**"," * parse - get deduped, less stopwords"," *"," * @param text {string|array} - string of words to parse.  If array is given, it is left in tact."," * @returns {array}"," */","wordposProto.parse = prepText;","","","/**"," * seek - get record at offset for pos"," *"," * @param offset {number} - synset offset"," * @param pos {string} - POS a/r/n/v"," * @param callback {function} - optional callback"," * @returns Promise"," */","wordposProto.seek = function(offset, pos, callback){","  offset = Number(offset);","  if (_.isNaN(offset) || offset <= 0) return error('offset must be valid positive number.');","","  var data = this.getFilesFor(pos).data;","  if (!data) return error('Incorrect POS - 2nd argument must be a, r, n or v.');","","  return data.lookup(offset, callback);","","  function error(msg) {","    var err = new Error(msg);","    callback && callback(err, {});","    return Promise.reject(err);","  }","};","","","/**"," * access to WordNet DB"," * @type {object}"," */","WordPOS.WNdb = WNdb;","","/**"," * access to stopwords"," * @type {Array}"," */",
[...]
end >= stats.size){","        me._settings.end = stats.size - 1;","      }","      me._fileSize = stats.size;","      cb (null);","    }else{","      cb (new Error (NO_FILE_ERROR));","    }","  });","};","","BufferedReader.prototype._read = function (cb){","  var me = this;","  var size = this._settings.bufferSize;","  FS.read (this._fd, this._buffer, 0, size, this._fileOffset, function (error, bytesRead){","    if (error) return cb (error);","","    me._fileOffset += bytesRead;","    if (me._fileOffset === me._fileSize){","      me._noMoreBuffers = true;","    }","    if (bytesRead < size){","      me._buffer = me._buffer.slice (0, bytesRead);","    }","    cb (null);","  });","};","","BufferedReader.prototype._readBytes = function (bytes, cb){","  if (this._needRead){","    this._needRead = false;","    var me = this;","    this._read (function (error){","      if (error) return cb (error, null, -1);","      me._readBytes (bytes, cb);","    });","    return;","  }","","  var fill = function (){","    var endData = bytes - me._dataOffset;","    var endBuffer = me._buffer.length - me._bufferOffset;","    var end = endBuffer <= endData ? endBuffer : endData;","","    me._buffer.copy (data, me._dataOffset, me._bufferOffset, me._bufferOffset + end);","    me._bufferOffset += end;","    me._realOffset += end;","","    if (me._bufferOffset === me._buffer.length){","      me._bufferOffset = 0;","      me._needRead = true;","    }","    me._dataOffset += end;","","    if (me._dataOffset === bytes){","      me._dataOffset = 0;","      me._isEOF = me._noMoreBuffers;","      cb (null, data, bytes);","    }else{","      if (me._noMoreBuffers){","        me._isEOF = true;","        end = me._dataOffset;","        me._dataOffset = 0;","        cb (null, data.slice (0, end), end);","      }else{","        me._needRead = false;","        me._read (function (error){","          if (error) return cb (error, null, -1);","","          fill ();","        });","      }","    }","  };","","  var me = this;","","  var max = me._settings.end - me._realOffset + 1;","  bytes = max < bytes ? max : bytes;","  if (bytes === 0) return cb (null, null, 0);","","  var data = new Buffer (bytes);","  var len = me._buffer.length;","","  if (bytes <= len){","    var end = me._bufferOffset + bytes;","","    if (end <= len){","      me._buffer.copy (data, 0, me._bufferOffset, end);","      me._bufferOffset = end;","      me._realOffset += bytes;","      cb (null, data, bytes);","    }else{","      var last = len - me._bufferOffset;","      me._realOffset += last;","","      if (last !== 0){","        me._buffer.copy (data, 0, me._bufferOffset, me._bufferOffset + last);","      }","      if (me._noMoreBuffers){","        me._isEOF = true;","        return cb (null, data.slice (0, last), last);","      }","","      me._read (function (error){","        if (error) return cb (error, null, -1);","","        len = me._buffer.length;","        var remaining = bytes - last;","        if (len <= remaining){","          me._realOffset += len;","          me._isEOF = true;","          me._buffer.copy (data, last, 0, len);","          var lastChunk = last + len;","          cb (null, data.slice (0, lastChunk), lastChunk);","        }else{","          me._realOffset += remaining;","          me._bufferOffset = remaining;","          me._buffer.copy (data, last, 0, me._bufferOffset);","          cb (null, data, bytes);","        }","      });","    }","  }else{","    fill ();","  }","};","","BufferedReader.prototype.close = function (cb){","  if (cb) cb = cb.bind (this);","  if (!this._fd){","    if (cb) cb (null);","    return;","  }","","  var me = this;","  FS.close (this._fd, function (error){","    me._fd = null;","    me._buffer = null;","    if (cb) cb (error);","  });","};","","BufferedReader.prototype.readBytes = function (bytes, cb){","  cb = cb.bind (this);","  if (bytes < 1 || this._isEOF) return cb (null, null, 0);","","  var open = function (){","    if (me._isEOF) return cb (null, null, 0);","    FS.open (me._fileName, \"r\", function (error, fd){","      if (error) return cb (error, null, -1);","","      me._fd = fd;","      me._buffer = new Buffer (me._settings.bufferSize);","      me._read (function (error){","        if (error) return cb (error, null, -1);","        me._readBytes (bytes, cb);","      });","    });","  };","","  var me = this;","  if (!this._initialized){","    this._init (function (error){","      if (error) return cb (error, null);","      me._initialized = true;","      open ();","    });","  }else{","    if (!this._fd) return open ();","    this._readBytes (bytes, cb);","  }","};","","BufferedReader.prototype.seek = function (offset, cb){","  cb = cb.bind (this);","  if (offset < 0) return cb (new Error (INVALID_SEEK_OFFSET));","","  var seek = function (){","    offset += me._settings.start;","    if (offset >= me._settings.end + 1){","      me._isEOF = true;","    }else{","      me._isEOF = false;","      var start = me._fileOffset - (me._buffer ? me._buffer.length : 0);","      if (offset >= start && offset < me._fileOffset){","        me._bufferOffset = offset - start;","        me._realOffset = offset;","      }else{","        me._needRead = me._fd ? true : false;","        me._noMoreBuffers = false;","        me._fileOffset = offset;","        me._bufferOffset = 0;","        me._realOffset = offset;","      }","    }","    cb (null);","  };","","  var me = this;","  if (!this._initialized){","    this._init (function (error){","      if (error) return cb (error, null);","      me._initialized = true;","      seek ();","    });","  }else{","    seek ();","  }","};","","BufferedReader.prototype.skip = function (bytes, cb){","  cb = cb.bind (this);","  if (bytes < 1 || this._isEOF) return cb (null, 0);","","  var skip = function (){","    var remaining = me._settings.end - me._realOffset + 1;","    bytes = bytes <= remaining ? bytes : remaining;","    me.seek (me._realOffset - me._settings.start + bytes, function (){","      cb (null, bytes);","    });","  };","","  var me = this;","  if (!this._initialized){","    this._init (function (error){","      if (error) return cb (error, null);","      me._initialized = true;","      skip ();","    });","  }else{","    skip ();","  }","};","","module.exports = BufferedReader;"],"l":{"14":1,"15":1,"17":1,"19":1,"20":1,"21":1,"22":1,"23":1,"24":1,"25":1,"27":1,"28":0,"30":0,"32":0,"33":0,"40":0,"41":0,"42":0,"43":0,"45":0,"46":0,"47":0,"49":0,"50":0,"51":0,"52":0,"54":0,"55":0,"56":0,"57":0,"58":0,"59":0,"62":1,"63":1,"65":1,"66":0,"69":1,"70":0,"73":0,"75":0,"76":0,"77":0,"78":0,"82":0,"87":0,"88":0,"89":0,"90":0,"91":0,"92":0,"94":0,"95":0,"96":0,"98":0,"99":0,"100":0,"102":0,"103":0,"106":0,"107":0,"108":0,"110":0,"111":0,"114":0,"115":0,"118":0,"119":0,"120":0,"121":0,"122":0,"127":0,"128":0,"129":0,"131":0,"134":0,"135":0,"136":0,"137":0,"138":0,"140":0,"144":0,"145":0,"146":0,"147":0,"149":0,"152":0,"153":0,"154":0,"158":1,"159":0,"160":0,"161":0,"162":0,"163":0,"164":0,"165":0,"167":0,"168":0,"170":0,"171":0,"173":0,"174":0,"176":0,"181":1,"182":0,"183":0,"184":0,"185":0,"187":0,"188":0,"189":0,"191":0,"192":0,"194":0,"198":1,"199":0,"200":0,"201":0,"202":0,"203":0,"204":0,"206":0,"209":0,"210":0,"211":0,"212":0,"214":0,"215":0,"216":0,"218":0,"219":0,"220":0,"222":0,"224":0,"225":0,"226":0,"227":0,"229":0,"230":0,"231":0,"232":0,"233":0,"235":0,"236":0,"237":0,"239":0,"245":0,"247":0,"248":0,"249":0,"251":0,"252":0,"254":0,"255":0,"257":0,"258":0,"259":0,"260":0,"261":0,"263":0,"264":0,"266":0,"267":0,"269":0,"270":0,"271":0,"274":0,"275":0,"277":0,"278":0,"279":0,"280":0,"281":0,"282":0,"283":0,"284":0,"286":0,"287":0,"288":0,"289":0,"294":0,"298":1,"299":0,"300":0,"301":0,"302":0,"305":0,"306":0,"307":0,"308":0,"309":0,"313":1,"314":0,"315":0,"317":0,"318":0,"319":0,"320":0,"322":0,"323":0,"324":0,"325":0,"326":0,"331":0,"332":0,"333":0,"334":0,"335":0,"336":0,"339":0,"340":0,"344":1,"345":0,"346":0,"348":0,"349":0,"350":0,"351":0,"353":0,"354":0,"355":0,"356":0,"357":0,"359":0,"360":0,"361":0,"362":0,"363":0,"366":0,"369":0,"370":0,"371":0,"372":0,"373":0,"374":0,"377":0,"381":1,"382":0,"383":0,"385":0,"386":0,"387":0,"388":0,"389":0,"393":0,"394":0,"395":0,"396":0,"397":0,"398":0,"401":0,"405":1}},"/home/travis/build/npmtest/node-npmtest-wordpos/node_modules/wordpos/tools/stat.js":{"path":"/home/travis/build/npmtest/node-npmtest-wordpos/node_modules/wordpos/tools/stat.js","s":{"1":1,"2":1,"3":1,"4":1,"5":1,"6":1,"7":0,"8":0,"9":0,"10":0,"11":0,"12":0,"13":0,"14":0,"15":0,"16":0,"17":0,"18":0,"19":0,"20":0,"21":0,"22":0,"23":0,"24":0,"25":0,"26":0,"27":0,"28":0,"29":0,"30":0,"31":0,"32":0,"33":0,"34":0,"35":0,"36":0,"37":0,"38":0,"39":0,"40":0,"41":0,"42":0,"43":0,"44":0},"b":{"1":[1,0],"2":[0,0],"3":[0,0],"4":[0,0],"5":[0,0],"6":[0,0],"7":[0,0],"8":[0,0]},"f":{"1":0,"2":0,"3":0,"4":0,"5":0,"6":0,"7":0,"8":0,"9":0,"10":0,"11":0},"fnMap":{"1":{"name":"(anonymous_1)","line":65,"loc":{"start":{"line":65,"column":32},"end":{"line":65,"column":45}}},"2":{"name":"(anonymous_2)","line":72,"loc":{"start":{"line":72,"column":11},"end":{"line":72,"column":29}}},"3":{"name":"(anonymous_3)","line":84,"loc":{"start":{"line":84,"column":18},"end":{"line":84,"column":34}}},"4":{"name":"(anonymous_4)","line":87,"loc":{"start":{"line":87,"column":17},"end":{"line":87,"column":40}}},"5":{"name":"(anonymous_5)","line":105,"loc":{"start":{"line":105,"column":16},"end":{"line":105,"column":27}}},"6":{"name":"(anonymous_6)","line":112,"loc":{"start":{"line":112,"column":32},"end":{"line":112,"column":51}}},"7":{"name":"(anonymous_7)","line":113,"loc":{"start":{"line":113,"column":35},"end":{"line":113,"column":48}}},"8":{"name":"(anonymous_8)","line":116,"loc":{"start":{"line":116,"column":35},"end":{"line":116,"column":59}}},"9":{"name":"(anonymous_9)","line":124,"loc":{"start":{"line":124,"column":41},"end":{"line":124,"column":54}}},"10":{"name":"(anonymous_10)","line":125,"loc":{"start":{"line":125,"column":24},"end":{"line":125,"column":48}}},"11":{"name":"(anonymous_11)","line":129,"loc":{"start":{"line":129,"column":24},"end":{"line":129,"column":44}}}},"statementMap":{"1":{"start":{"line":48,"column":0},"end":{"line":57,"column":19}},"2":{"start":{"line":59,"column":0},"end":{"line":59,"column":38}},"3":{"start":{"line":60,"column":0},"end":{"line":63,"column":1}},"4":{"start":{"line":61,"column":2},"end":{"line":61,"column":50}},"5":{"start":{"line":62,"column":2},"end":{"line":62,"column":18}},"6":{"start":{"line":65,"column":0},"end":{"line":155,"column":3}},"7":{"start":{"line":67,"column":2},"end":{"line":70,"column":3}},"8":{"start":{"line":68,"column":4},"end":{"line":68,"column":18}},"9":{"start":{"line":69,"column":4},"end":{"line":69,"column":17}},"10":{"start":{"line":71,"column":2},"end":{"line":71,"column":14}},"11":{"start":{"line":74,"column":2},"end":{"line":81,"column":20}},"12":{"start":{"line":83,"column":2},"end":{"line":154,"column":12}},"13":{"start":{"line":85,"column":6},"end":{"line":85,"column":50}},"14":{"start":{"line":89,"column":6},"end":{"line":89,"column":33}},"15":{"start":{"line":89,"column":26},"end":{"line":89,"column":33}},"16":{"start":{"line":92,"column":6},"end":{"line":92,"column":75}},"17":{"start":{"line":93,"column":6},"end":{"line":93,"column":44}},"18":{"start":{"line":93,"column":29},"end":{"line":93,"column":44}},"19":{"start":{"line":95,"column":6},"end":{"line":98,"column":7}},"20":{"start":{"line":96,"column":8},"end":{"line":96,"column":23}},"21":{"start":{"line":97,"column":8},"end":{"line":97,"column":15}},"22":{"start":{"line":100,"column":6},"end":{"line":100,"column":23}},"23":{"start":{"line":101,"column":6},"end":{"line":101,"column":30}},"24":{"start":{"line":102,"column":6},"end":{"line":102,"column":55}},"25":{"start":{"line":103,"column":6},"end":{"line":103,"column":20}},"26":{"start":{"line":108,"column":6},"end":{"line":108,"column":36}},"27":{"start":{"line":109,"column":6},"end":{"line":109,"column":42}},"28":{"start":{"line":111,"column":6},"end":{"line":118,"column":119}},"29":{"start":{"line":112,"column":53},"end":{"line":112,"column":71}},"30":{"start":{"line":113,"column":50},"end":{"line":113,"column":61}},"31":{"start":{"line":116,"column":61},"end":{"line":116,"column":100}},"32":{"start":{"line":120,"column":6},"end":{"line":120,"column":34}},"33":{"start":{"line":122,"column":6},"end":{"line":133,"column":7}},"34":{"start":{"line":124,"column":8},"end":{"line":124,"column":99}},"35":{"start":{"line":124,"column":56},"end":{"line":124,"column":96}},"36":{"start":{"line":125,"column":8},"end":{"line":127,"column":15}},"37":{"start":{"line":126,"column":14},"end":{"line":126,"column":37}},"38":{"start":{"line":128,"column":8},"end":{"line":128,"column":17}},"39":{"start":{"line":129,"column":8},"end":{"line":129,"column":76}},"40":{"start":{"line":129,"column":46},"end":{"line":129,"column":73}},"41":{"start":{"line":130,"column":8},"end":{"line":132,"column":27}},"42":{"start":{"line":136,"column":6},"end":{"line":149,"column":8}},"43":{"start":{"line":151,"column":6},"end":{"line":151,"column":63}},"44":{"start":{"line":152,"column":6},"end":{"line":152,"column":44}}},"branchMap":{"1":{"line":60,"type":"if","locations":[{"start":{"line":60,"column":0},"end":{"line":60,"column":0}},{"start":{"line":60,"column":0},"end":{"line":60,"column":0}}]},"2":{"line":67,"type":"if","locations":[{"start":{"line":67,"column":2},"end":{"line":67,"column":2}},{"start":{"line":67,"column":2},"end":{"line":67,"column":2}}]},"3":{"line":89,"type":"if","locations":[{"start":{"line":89,"column":6},"end":{"line":89,"column":6}},{"start":{"line":89,"column":6},"end":{"line":89,"column":6}}]},"4":{"line":93,"type":"if","locations":[{"start":{"line":93,"column":6},"end":{"line":93,"column":6}},{"start":{"line":93,"column":6},"end":{"line":93,"column":6}}]},"5":{"line":95,"type":"if","locations":[{"start":{"line":95,"column":6},"end":{"line":95,"column":6}},{"start":{"line":95,"column":6},"end":{"line":95,"column":6}}]},"6":{"line":102,"type":"binary-expr","locations":[{"start":{"line":102,"column":7},"end":{"line":102,"column":23}},{"start":{"line":102,"column":28},"end":{"line":102,"column":54}}]},"7":{"line":116,"type":"cond-expr","locations":[{"start":{"line":116,"column":89},"end":{"line":116,"column":92}},{"start":{"line":116,"column":96},"end":{"line":116,"column":98}}]},"8":{"line":122,"type":"if","locations":[{"start":{"line":122,"column":6},"end":{"line":122,"column":6}},{"start":{"line":122,"column":6},"end":{"line":122,"column":6}}]}},"code":["/**"," * stat.js"," *"," *     generate fast index for WordNet index files"," *"," * Usage:"," *    node stat [--no-stats] index.adv ..."," *"," * --no-stats prevents writing bucket size statistics to file."," *"," * Fast index is based on buckets keyed off first THREE characters in the index word,"," * eg, 'awesome' goes into bucket 'awe'."," *"," * Format of the fast index JSON object:"," *  {"," *   \"firstKey\":\".22\",\t\t\t\t// first key value"," *   \"keyLength\":3,\t\t\t\t\t// #characters in key"," *   \"version\":\"3.0\",\t\t\t\t// WNdb version"," *   \"name\":\"index.adj\",\t\t\t// index file name"," *   \"stats\":{"," *   \t\"buckets\":2326,\t\t\t\t// # of buckets"," *   \t\"words\":21479,\t\t\t\t// total # words"," *   \t\"biggest\":310,\t\t\t\t// #words in biggest bucket"," *   \t\"avg\":\"9.23\",\t\t\t\t// average #words per bucket"," *   \t\"median\":3\t\t\t\t\t// median #words per bucket"," *     },"," *   \"offsets\":{"," *     \"100\":[2271,\"101\"],\t\t\t// \"100\" is the key,"," *     \t\t\t\t\t\t\t\t// value=[byte offset in index file, next key]"," *      ..."," *    }"," *  }"," *"," *  To lookup a word:"," *"," *  find key (first <keyLength> chars of word)"," *  look it up in <offsets> O(1)"," *  if it exists"," *  \tget offset of key and offset of next key"," *      read index file between the two offsets"," *  \tbinary search read data O(log avg)"," *"," * Copyright (c) 2012-2016 mooster@42at.com"," * https://github.com/moos/wordpos"," *"," * Released under MIT license"," */","var","  WNdb = require('../src/wordpos').WNdb,","  util = require('util'),","  BufferedReader = require ('./buffered-reader'),","  _ = require('underscore')._,","  fs = require('fs'),","  path = require('path'),","  KEY_LENGTH = 3,","  stats = true,","  eofKey = '_EOF_'; // should be unique","","console.log('DB folder: ', WNdb.path);","if (process.argv.length < 3) {","  console.log('#Usage:\\nnode stat index.adv ...');","  process.exit(1);","}","","_(process.argv.slice(2)).filter(function(arg){","  // disable writing stats file","  if (arg == '--no-stats') {","    stats = false;","    return false;","  }","  return true;","}).forEach(function(basename){","","  var indexFile = path.join(WNdb.path, basename),","    jsonFile = path.join(WNdb.path, 'fast-' + basename + '.json'),","    countFile = 'fast-' + basename + '.tsv',","    endOffset = fs.statSync(indexFile).size,","    buckets = {},","    lastKey = null,","    offsets = {},","    firstKey = null;","","  new BufferedReader (indexFile, {encoding: \"utf8\"})","    .on (\"error\", function (error){","      console.log (\"error: %s\", indexFile, error);","    })","    .on (\"line\", function (line, offset){","      // skip license info","      if (line[0] == ' ') return;","","      // if (++i > 225) return this.interrupt();","      var key = line.substring(0, Math.min(line.indexOf(' '), KEY_LENGTH));","      if (firstKey === null) firstKey = key;","","      if (key in buckets) {","        ++buckets[key];","        return;","      }","","      buckets[key] = 1;","      offsets[key] = [offset];","      (lastKey !== null) && offsets[lastKey].push(key);\t// current key is the 'next key' for the previous key","      lastKey = key;","    })","    .on (\"end\", function (){","","      // add EOF offset","      offsets[lastKey].push(eofKey);","      offsets[eofKey] = [endOffset, null];","","      var size = _.size(buckets),","        sum = _.reduce(buckets, function(memo, num){ return memo + num; }, 0),","        sorted = _.sortBy(buckets, function(val){ return val }),","        median = sorted[Math.floor(size/2)],","        max =  sorted[sorted.length-1], // _.max(buckets),","        maxkey = _.reduce(buckets, function(memo, val, key){ return memo + (val == max ? key :  '') }, ''),","        avg = (sum/size).toFixed(2),","        info = util.format('buckets %d, max %d at %s, sum %d, avg %d, median %d', size, max, maxkey, sum, avg, median);","","      console.log(basename, info);","","      if (stats) {","        // distribution in groups of 10","        var grouped = _.groupBy(buckets, function(num){ return 1 + 10*(Math.floor((num-1)/10) ) });","        _(grouped).each(function(arr, key, list){","              list[key] = arr.length;","            });","        str = '';","        _.each(grouped, function(value, key){ str += key+\"\\t\"+value+\"\\n\" });","        fs.writeFileSync(countFile, '#'+info+'\\n'","            + '#bucket_size (1-10, 11-20, etc.) \\t #buckets\\n'","            + str, 'utf8');","      }","","      // offset data","      var data = {","          firstKey: firstKey,","          keyLength: KEY_LENGTH,","          version: WNdb.version,","          name: basename,","          stats: {","            buckets: size,","            words: sum,","            biggest: max,","            avg: avg,","            median: median","          },","          offsets: offsets","      };","","      fs.writeFileSync(jsonFile, JSON.stringify(data), 'utf8');","      console.log('  wrote %s\\n', jsonFile);","    })","    .read();","});",""],"l":{"48":1,"59":1,"60":1,"61":1,"62":1,"65":1,"67":0,"68":0,"69":0,"71":0,"74":0,"83":0,"85":0,"89":0,"92":0,"93":0,"95":0,"96":0,"97":0,"100":0,"101":0,"102":0,"103":0,"108":0,"109":0,"111":0,"112":0,"113":0,"116":0,"120":0,"122":0,"124":0,"125":0,"126":0,"128":0,"129":0,"130":0,"136":0,"151":0,"152":0}}}